# JRE version: OpenJDK Runtime Environment (17.0.14+7) (build 17.0.14+7-Debian-1deb11u1)
# Java VM: OpenJDK 64-Bit Server VM (17.0.14+7-Debian-1deb11u1, mixed mode, sharing, tiered, compressed oops, compressed class ptrs, g1 gc, linux-amd64)
GC Precious Log:
 CPUs: 40 total, 40 available
 Memory: 64037M
 Large Page Support: Disabled
 NUMA Support: Disabled
 Compressed Oops: Enabled (Zero based)
 Heap Region Size: 4M
 Heap Min Capacity: 8M
 Heap Initial Capacity: 1004M
 Heap Max Capacity: 8G
 Pre-touch: Disabled
 Parallel Workers: 28
 Concurrent Workers: 7
 Concurrent Refinement Workers: 28
 Periodic GC: Disabled
Heap:
 garbage-first heap   total 843776K, used 272069K [0x0000000600000000, 0x0000000800000000)
  region size 4096K, 37 young (151552K), 1 survivors (4096K)
 Metaspace       used 131390K, committed 132160K, reserved 1179648K
  class space    used 17288K, committed 17664K, reserved 1048576K
GC Heap History (20 events):
Event: 2.283 GC heap before
{Heap before GC invocations=4 (full 0):
 garbage-first heap   total 344064K, used 96975K [0x0000000600000000, 0x0000000800000000)
  region size 4096K, 4 young (16384K), 2 survivors (8192K)
 Metaspace       used 35111K, committed 35456K, reserved 1114112K
  class space    used 4766K, committed 4928K, reserved 1048576K
}
Event: 2.290 GC heap after
{Heap after GC invocations=5 (full 0):
 garbage-first heap   total 344064K, used 94000K [0x0000000600000000, 0x0000000800000000)
  region size 4096K, 1 young (4096K), 1 survivors (4096K)
 Metaspace       used 35111K, committed 35456K, reserved 1114112K
  class space    used 4766K, committed 4928K, reserved 1048576K
}
Event: 2.336 GC heap before
{Heap before GC invocations=5 (full 0):
 garbage-first heap   total 344064K, used 98096K [0x0000000600000000, 0x0000000800000000)
  region size 4096K, 3 young (12288K), 1 survivors (4096K)
 Metaspace       used 35913K, committed 36160K, reserved 1114112K
  class space    used 4878K, committed 4992K, reserved 1048576K
}
Event: 2.338 GC heap after
{Heap after GC invocations=6 (full 0):
 garbage-first heap   total 344064K, used 93844K [0x0000000600000000, 0x0000000800000000)
  region size 4096K, 1 young (4096K), 1 survivors (4096K)
 Metaspace       used 35913K, committed 36160K, reserved 1114112K
  class space    used 4878K, committed 4992K, reserved 1048576K
}
Event: 4.095 GC heap before
{Heap before GC invocations=7 (full 0):
 garbage-first heap   total 344064K, used 196244K [0x0000000600000000, 0x0000000800000000)
  region size 4096K, 28 young (114688K), 1 survivors (4096K)
 Metaspace       used 60741K, committed 61056K, reserved 1114112K
  class space    used 7920K, committed 8064K, reserved 1048576K
}
Event: 4.107 GC heap after
{Heap after GC invocations=8 (full 0):
 garbage-first heap   total 344064K, used 101173K [0x0000000600000000, 0x0000000800000000)
  region size 4096K, 3 young (12288K), 3 survivors (12288K)
 Metaspace       used 60741K, committed 61056K, reserved 1114112K
  class space    used 7920K, committed 8064K, reserved 1048576K
}
Event: 4.128 GC heap before
{Heap before GC invocations=8 (full 0):
 garbage-first heap   total 344064K, used 101173K [0x0000000600000000, 0x0000000800000000)
  region size 4096K, 4 young (16384K), 3 survivors (12288K)
 Metaspace       used 61068K, committed 61376K, reserved 1114112K
  class space    used 7971K, committed 8128K, reserved 1048576K
}
Event: 4.147 GC heap after
{Heap after GC invocations=9 (full 0):
 garbage-first heap   total 344064K, used 101453K [0x0000000600000000, 0x0000000800000000)
  region size 4096K, 1 young (4096K), 1 survivors (4096K)
 Metaspace       used 61068K, committed 61376K, reserved 1114112K
  class space    used 7971K, committed 8128K, reserved 1048576K
}
Event: 4.170 GC heap before
{Heap before GC invocations=9 (full 0):
 garbage-first heap   total 344064K, used 101453K [0x0000000600000000, 0x0000000800000000)
  region size 4096K, 2 young (8192K), 1 survivors (4096K)
 Metaspace       used 61377K, committed 61696K, reserved 1114112K
  class space    used 8026K, committed 8192K, reserved 1048576K
}
Event: 4.174 GC heap after
{Heap after GC invocations=10 (full 0):
 garbage-first heap   total 720896K, used 100543K [0x0000000600000000, 0x0000000800000000)
  region size 4096K, 1 young (4096K), 1 survivors (4096K)
 Metaspace       used 61377K, committed 61696K, reserved 1114112K
  class space    used 8026K, committed 8192K, reserved 1048576K
}
Event: 6.966 GC heap before
{Heap before GC invocations=11 (full 0):
 garbage-first heap   total 385024K, used 284863K [0x0000000600000000, 0x0000000800000000)
  region size 4096K, 47 young (192512K), 1 survivors (4096K)
 Metaspace       used 102899K, committed 103360K, reserved 1179648K
  class space    used 13442K, committed 13632K, reserved 1048576K
}
Event: 6.982 GC heap after
{Heap after GC invocations=12 (full 0):
 garbage-first heap   total 385024K, used 112108K [0x0000000600000000, 0x0000000800000000)
  region size 4096K, 3 young (12288K), 3 survivors (12288K)
 Metaspace       used 102899K, committed 103360K, reserved 1179648K
  class space    used 13442K, committed 13632K, reserved 1048576K
}
Event: 7.011 GC heap before
{Heap before GC invocations=12 (full 0):
 garbage-first heap   total 385024K, used 112108K [0x0000000600000000, 0x0000000800000000)
  region size 4096K, 4 young (16384K), 3 survivors (12288K)
 Metaspace       used 103228K, committed 103680K, reserved 1179648K
  class space    used 13478K, committed 13696K, reserved 1048576K
}
Event: 7.026 GC heap after
{Heap after GC invocations=13 (full 0):
 garbage-first heap   total 385024K, used 113445K [0x0000000600000000, 0x0000000800000000)
  region size 4096K, 1 young (4096K), 1 survivors (4096K)
 Metaspace       used 103228K, committed 103680K, reserved 1179648K
  class space    used 13478K, committed 13696K, reserved 1048576K
}
Event: 7.048 GC heap before
{Heap before GC invocations=13 (full 0):
 garbage-first heap   total 385024K, used 113445K [0x0000000600000000, 0x0000000800000000)
  region size 4096K, 2 young (8192K), 1 survivors (4096K)
 Metaspace       used 103538K, committed 104000K, reserved 1179648K
  class space    used 13528K, committed 13760K, reserved 1048576K
}
Event: 7.052 GC heap after
{Heap after GC invocations=14 (full 0):
 garbage-first heap   total 385024K, used 112176K [0x0000000600000000, 0x0000000800000000)
  region size 4096K, 1 young (4096K), 1 survivors (4096K)
 Metaspace       used 103538K, committed 104000K, reserved 1179648K
  class space    used 13528K, committed 13760K, reserved 1048576K
}
Event: 7.138 GC heap before
{Heap before GC invocations=15 (full 0):
 garbage-first heap   total 385024K, used 116272K [0x0000000600000000, 0x0000000800000000)
  region size 4096K, 3 young (12288K), 1 survivors (4096K)
 Metaspace       used 104648K, committed 105152K, reserved 1179648K
  class space    used 13679K, committed 13888K, reserved 1048576K
}
Event: 7.141 GC heap after
{Heap after GC invocations=16 (full 0):
 garbage-first heap   total 385024K, used 112290K [0x0000000600000000, 0x0000000800000000)
  region size 4096K, 1 young (4096K), 1 survivors (4096K)
 Metaspace       used 104648K, committed 105152K, reserved 1179648K
  class space    used 13679K, committed 13888K, reserved 1048576K
}
Event: 7.173 GC heap before
{Heap before GC invocations=17 (full 0):
 garbage-first heap   total 385024K, used 124578K [0x0000000600000000, 0x0000000800000000)
  region size 4096K, 3 young (12288K), 1 survivors (4096K)
 Metaspace       used 104900K, committed 105408K, reserved 1179648K
  class space    used 13734K, committed 13952K, reserved 1048576K
}
Event: 7.176 GC heap after
{Heap after GC invocations=18 (full 0):
 garbage-first heap   total 843776K, used 112325K [0x0000000600000000, 0x0000000800000000)
  region size 4096K, 1 young (4096K), 1 survivors (4096K)
 Metaspace       used 104900K, committed 105408K, reserved 1179648K
  class space    used 13734K, committed 13952K, reserved 1048576K
}

