# JRE version: OpenJDK Runtime Environment (17.0.14+7) (build 17.0.14+7-Debian-1deb11u1)
# Java VM: OpenJDK 64-Bit Server VM (17.0.14+7-Debian-1deb11u1, mixed mode, sharing, tiered, compressed oops, compressed class ptrs, g1 gc, linux-amd64)
GC Precious Log:
 CPUs: 40 total, 40 available
 Memory: 64037M
 Large Page Support: Disabled
 NUMA Support: Disabled
 Compressed Oops: Enabled (Zero based)
 Heap Region Size: 4M
 Heap Min Capacity: 8M
 Heap Initial Capacity: 1004M
 Heap Max Capacity: 8G
 Pre-touch: Disabled
 Parallel Workers: 28
 Concurrent Workers: 7
 Concurrent Refinement Workers: 28
 Periodic GC: Disabled
Heap:
 garbage-first heap   total 327680K, used 168095K [0x0000000600000000, 0x0000000800000000)
  region size 4096K, 14 young (57344K), 5 survivors (20480K)
 Metaspace       used 151699K, committed 152640K, reserved 1245184K
  class space    used 20025K, committed 20480K, reserved 1048576K
GC Heap History (18 events):
Event: 0.825 GC heap before
{Heap before GC invocations=0 (full 0):
 garbage-first heap   total 1036288K, used 114608K [0x0000000600000000, 0x0000000800000000)
  region size 4096K, 12 young (49152K), 0 survivors (0K)
 Metaspace       used 11250K, committed 11456K, reserved 1114112K
  class space    used 1685K, committed 1792K, reserved 1048576K
}
Event: 0.829 GC heap after
{Heap after GC invocations=1 (full 0):
 garbage-first heap   total 1036288K, used 85596K [0x0000000600000000, 0x0000000800000000)
  region size 4096K, 2 young (8192K), 2 survivors (8192K)
 Metaspace       used 11250K, committed 11456K, reserved 1114112K
  class space    used 1685K, committed 1792K, reserved 1048576K
}
Event: 1.465 GC heap before
{Heap before GC invocations=1 (full 0):
 garbage-first heap   total 1036288K, used 118364K [0x0000000600000000, 0x0000000800000000)
  region size 4096K, 11 young (45056K), 2 survivors (8192K)
 Metaspace       used 21273K, committed 21504K, reserved 1114112K
  class space    used 2923K, committed 3072K, reserved 1048576K
}
Event: 1.472 GC heap after
{Heap after GC invocations=2 (full 0):
 garbage-first heap   total 1036288K, used 87897K [0x0000000600000000, 0x0000000800000000)
  region size 4096K, 1 young (4096K), 1 survivors (4096K)
 Metaspace       used 21273K, committed 21504K, reserved 1114112K
  class space    used 2923K, committed 3072K, reserved 1048576K
}
Event: 2.042 GC heap before
{Heap before GC invocations=3 (full 0):
 garbage-first heap   total 327680K, used 132953K [0x0000000600000000, 0x0000000800000000)
  region size 4096K, 13 young (53248K), 1 survivors (4096K)
 Metaspace       used 32505K, committed 32832K, reserved 1114112K
  class space    used 4450K, committed 4608K, reserved 1048576K
}
Event: 2.047 GC heap after
{Heap after GC invocations=4 (full 0):
 garbage-first heap   total 327680K, used 91686K [0x0000000600000000, 0x0000000800000000)
  region size 4096K, 2 young (8192K), 2 survivors (8192K)
 Metaspace       used 32505K, committed 32832K, reserved 1114112K
  class space    used 4450K, committed 4608K, reserved 1048576K
}
Event: 2.264 GC heap before
{Heap before GC invocations=4 (full 0):
 garbage-first heap   total 327680K, used 103974K [0x0000000600000000, 0x0000000800000000)
  region size 4096K, 6 young (24576K), 2 survivors (8192K)
 Metaspace       used 35925K, committed 36160K, reserved 1114112K
  class space    used 4878K, committed 4992K, reserved 1048576K
}
Event: 2.272 GC heap after
{Heap after GC invocations=5 (full 0):
 garbage-first heap   total 327680K, used 93223K [0x0000000600000000, 0x0000000800000000)
  region size 4096K, 2 young (8192K), 2 survivors (8192K)
 Metaspace       used 35925K, committed 36160K, reserved 1114112K
  class space    used 4878K, committed 4992K, reserved 1048576K
}
Event: 3.703 GC heap before
{Heap before GC invocations=6 (full 0):
 garbage-first heap   total 327680K, used 195623K [0x0000000600000000, 0x0000000800000000)
  region size 4096K, 29 young (118784K), 2 survivors (8192K)
 Metaspace       used 60710K, committed 61056K, reserved 1114112K
  class space    used 7876K, committed 8064K, reserved 1048576K
}
Event: 3.717 GC heap after
{Heap after GC invocations=7 (full 0):
 garbage-first heap   total 327680K, used 100399K [0x0000000600000000, 0x0000000800000000)
  region size 4096K, 4 young (16384K), 4 survivors (16384K)
 Metaspace       used 60710K, committed 61056K, reserved 1114112K
  class space    used 7876K, committed 8064K, reserved 1048576K
}
Event: 5.550 GC heap before
{Heap before GC invocations=8 (full 0):
 garbage-first heap   total 327680K, used 243759K [0x0000000600000000, 0x0000000800000000)
  region size 4096K, 39 young (159744K), 4 survivors (16384K)
 Metaspace       used 93614K, committed 94016K, reserved 1179648K
  class space    used 12107K, committed 12288K, reserved 1048576K
}
Event: 5.567 GC heap after
{Heap after GC invocations=9 (full 0):
 garbage-first heap   total 327680K, used 111215K [0x0000000600000000, 0x0000000800000000)
  region size 4096K, 5 young (20480K), 5 survivors (20480K)
 Metaspace       used 93614K, committed 94016K, reserved 1179648K
  class space    used 12107K, committed 12288K, reserved 1048576K
}
Event: 6.109 GC heap before
{Heap before GC invocations=9 (full 0):
 garbage-first heap   total 327680K, used 148079K [0x0000000600000000, 0x0000000800000000)
  region size 4096K, 15 young (61440K), 5 survivors (20480K)
 Metaspace       used 101656K, committed 102080K, reserved 1179648K
  class space    used 13206K, committed 13376K, reserved 1048576K
}
Event: 6.126 GC heap after
{Heap after GC invocations=10 (full 0):
 garbage-first heap   total 327680K, used 113608K [0x0000000600000000, 0x0000000800000000)
  region size 4096K, 4 young (16384K), 4 survivors (16384K)
 Metaspace       used 101656K, committed 102080K, reserved 1179648K
  class space    used 13206K, committed 13376K, reserved 1048576K
}
Event: 7.646 GC heap before
{Heap before GC invocations=11 (full 0):
 garbage-first heap   total 327680K, used 265160K [0x0000000600000000, 0x0000000800000000)
  region size 4096K, 35 young (143360K), 4 survivors (16384K)
 Metaspace       used 126035K, committed 126784K, reserved 1179648K
  class space    used 16568K, committed 16896K, reserved 1048576K
}
Event: 7.665 GC heap after
{Heap after GC invocations=12 (full 0):
 garbage-first heap   total 327680K, used 121283K [0x0000000600000000, 0x0000000800000000)
  region size 4096K, 3 young (12288K), 3 survivors (12288K)
 Metaspace       used 126035K, committed 126784K, reserved 1179648K
  class space    used 16568K, committed 16896K, reserved 1048576K
}
Event: 9.469 GC heap before
{Heap before GC invocations=13 (full 0):
 garbage-first heap   total 327680K, used 285123K [0x0000000600000000, 0x0000000800000000)
  region size 4096K, 35 young (143360K), 3 survivors (12288K)
 Metaspace       used 150013K, committed 150976K, reserved 1179648K
  class space    used 19811K, committed 20288K, reserved 1048576K
}
Event: 9.486 GC heap after
{Heap after GC invocations=14 (full 0):
 garbage-first heap   total 327680K, used 127135K [0x0000000600000000, 0x0000000800000000)
  region size 4096K, 5 young (20480K), 5 survivors (20480K)
 Metaspace       used 150013K, committed 150976K, reserved 1179648K
  class space    used 19811K, committed 20288K, reserved 1048576K
}

