# JRE version: OpenJDK Runtime Environment (17.0.14+7) (build 17.0.14+7-Debian-1deb11u1)
# Java VM: OpenJDK 64-Bit Server VM (17.0.14+7-Debian-1deb11u1, mixed mode, sharing, tiered, compressed oops, compressed class ptrs, g1 gc, linux-amd64)
GC Precious Log:
 CPUs: 40 total, 40 available
 Memory: 64037M
 Large Page Support: Disabled
 NUMA Support: Disabled
 Compressed Oops: Enabled (Zero based)
 Heap Region Size: 4M
 Heap Min Capacity: 8M
 Heap Initial Capacity: 1004M
 Heap Max Capacity: 8G
 Pre-touch: Disabled
 Parallel Workers: 28
 Concurrent Workers: 7
 Concurrent Refinement Workers: 28
 Periodic GC: Disabled
Heap:
 garbage-first heap   total 385024K, used 147459K [0x0000000600000000, 0x0000000800000000)
  region size 4096K, 10 young (40960K), 3 survivors (12288K)
 Metaspace       used 136383K, committed 137408K, reserved 1179648K
  class space    used 18149K, committed 18624K, reserved 1048576K
GC Heap History (20 events):
Event: 0.807 GC heap before
{Heap before GC invocations=0 (full 0):
 garbage-first heap   total 1036288K, used 114608K [0x0000000600000000, 0x0000000800000000)
  region size 4096K, 12 young (49152K), 0 survivors (0K)
 Metaspace       used 11251K, committed 11456K, reserved 1114112K
  class space    used 1685K, committed 1792K, reserved 1048576K
}
Event: 0.812 GC heap after
{Heap after GC invocations=1 (full 0):
 garbage-first heap   total 1036288K, used 85725K [0x0000000600000000, 0x0000000800000000)
  region size 4096K, 2 young (8192K), 2 survivors (8192K)
 Metaspace       used 11251K, committed 11456K, reserved 1114112K
  class space    used 1685K, committed 1792K, reserved 1048576K
}
Event: 1.482 GC heap before
{Heap before GC invocations=1 (full 0):
 garbage-first heap   total 1036288K, used 118493K [0x0000000600000000, 0x0000000800000000)
  region size 4096K, 11 young (45056K), 2 survivors (8192K)
 Metaspace       used 21278K, committed 21504K, reserved 1114112K
  class space    used 2923K, committed 3072K, reserved 1048576K
}
Event: 1.489 GC heap after
{Heap after GC invocations=2 (full 0):
 garbage-first heap   total 1036288K, used 88512K [0x0000000600000000, 0x0000000800000000)
  region size 4096K, 1 young (4096K), 1 survivors (4096K)
 Metaspace       used 21278K, committed 21504K, reserved 1114112K
  class space    used 2923K, committed 3072K, reserved 1048576K
}
Event: 2.090 GC heap before
{Heap before GC invocations=3 (full 0):
 garbage-first heap   total 344064K, used 137664K [0x0000000600000000, 0x0000000800000000)
  region size 4096K, 14 young (57344K), 1 survivors (4096K)
 Metaspace       used 33218K, committed 33536K, reserved 1114112K
  class space    used 4534K, committed 4672K, reserved 1048576K
}
Event: 2.097 GC heap after
{Heap after GC invocations=4 (full 0):
 garbage-first heap   total 344064K, used 92638K [0x0000000600000000, 0x0000000800000000)
  region size 4096K, 2 young (8192K), 2 survivors (8192K)
 Metaspace       used 33218K, committed 33536K, reserved 1114112K
  class space    used 4534K, committed 4672K, reserved 1048576K
}
Event: 2.262 GC heap before
{Heap before GC invocations=4 (full 0):
 garbage-first heap   total 344064K, used 100830K [0x0000000600000000, 0x0000000800000000)
  region size 4096K, 4 young (16384K), 2 survivors (8192K)
 Metaspace       used 35348K, committed 35648K, reserved 1114112K
  class space    used 4792K, committed 4928K, reserved 1048576K
}
Event: 2.268 GC heap after
{Heap after GC invocations=5 (full 0):
 garbage-first heap   total 344064K, used 93648K [0x0000000600000000, 0x0000000800000000)
  region size 4096K, 1 young (4096K), 1 survivors (4096K)
 Metaspace       used 35348K, committed 35648K, reserved 1114112K
  class space    used 4792K, committed 4928K, reserved 1048576K
}
Event: 2.302 GC heap before
{Heap before GC invocations=5 (full 0):
 garbage-first heap   total 344064K, used 93648K [0x0000000600000000, 0x0000000800000000)
  region size 4096K, 2 young (8192K), 1 survivors (4096K)
 Metaspace       used 35853K, committed 36160K, reserved 1114112K
  class space    used 4867K, committed 4992K, reserved 1048576K
}
Event: 2.305 GC heap after
{Heap after GC invocations=6 (full 0):
 garbage-first heap   total 344064K, used 93486K [0x0000000600000000, 0x0000000800000000)
  region size 4096K, 1 young (4096K), 1 survivors (4096K)
 Metaspace       used 35853K, committed 36160K, reserved 1114112K
  class space    used 4867K, committed 4992K, reserved 1048576K
}
Event: 3.707 GC heap before
{Heap before GC invocations=7 (full 0):
 garbage-first heap   total 344064K, used 204078K [0x0000000600000000, 0x0000000800000000)
  region size 4096K, 29 young (118784K), 1 survivors (4096K)
 Metaspace       used 60797K, committed 61120K, reserved 1114112K
  class space    used 7895K, committed 8064K, reserved 1048576K
}
Event: 3.718 GC heap after
{Heap after GC invocations=8 (full 0):
 garbage-first heap   total 421888K, used 100704K [0x0000000600000000, 0x0000000800000000)
  region size 4096K, 3 young (12288K), 3 survivors (12288K)
 Metaspace       used 60797K, committed 61120K, reserved 1114112K
  class space    used 7895K, committed 8064K, reserved 1048576K
}
Event: 6.126 GC heap before
{Heap before GC invocations=9 (full 0):
 garbage-first heap   total 385024K, used 280928K [0x0000000600000000, 0x0000000800000000)
  region size 4096K, 48 young (196608K), 3 survivors (12288K)
 Metaspace       used 101979K, committed 102400K, reserved 1179648K
  class space    used 13295K, committed 13504K, reserved 1048576K
}
Event: 6.146 GC heap after
{Heap after GC invocations=10 (full 0):
 garbage-first heap   total 385024K, used 112330K [0x0000000600000000, 0x0000000800000000)
  region size 4096K, 5 young (20480K), 5 survivors (20480K)
 Metaspace       used 101979K, committed 102400K, reserved 1179648K
  class space    used 13295K, committed 13504K, reserved 1048576K
}
Event: 6.165 GC heap before
{Heap before GC invocations=10 (full 0):
 garbage-first heap   total 385024K, used 112330K [0x0000000600000000, 0x0000000800000000)
  region size 4096K, 6 young (24576K), 5 survivors (20480K)
 Metaspace       used 102319K, committed 102720K, reserved 1179648K
  class space    used 13319K, committed 13504K, reserved 1048576K
}
Event: 6.182 GC heap after
{Heap after GC invocations=11 (full 0):
 garbage-first heap   total 385024K, used 114597K [0x0000000600000000, 0x0000000800000000)
  region size 4096K, 1 young (4096K), 1 survivors (4096K)
 Metaspace       used 102319K, committed 102720K, reserved 1179648K
  class space    used 13319K, committed 13504K, reserved 1048576K
}
Event: 6.191 GC heap before
{Heap before GC invocations=11 (full 0):
 garbage-first heap   total 385024K, used 114597K [0x0000000600000000, 0x0000000800000000)
  region size 4096K, 2 young (8192K), 1 survivors (4096K)
 Metaspace       used 102593K, committed 103040K, reserved 1179648K
  class space    used 13332K, committed 13568K, reserved 1048576K
}
Event: 6.192 GC heap after
{Heap after GC invocations=12 (full 0):
 garbage-first heap   total 385024K, used 112818K [0x0000000600000000, 0x0000000800000000)
  region size 4096K, 1 young (4096K), 1 survivors (4096K)
 Metaspace       used 102593K, committed 103040K, reserved 1179648K
  class space    used 13332K, committed 13568K, reserved 1048576K
}
Event: 8.658 GC heap before
{Heap before GC invocations=13 (full 0):
 garbage-first heap   total 385024K, used 329906K [0x0000000600000000, 0x0000000800000000)
  region size 4096K, 45 young (184320K), 1 survivors (4096K)
 Metaspace       used 132399K, committed 133440K, reserved 1179648K
  class space    used 17708K, committed 18176K, reserved 1048576K
}
Event: 8.673 GC heap after
{Heap after GC invocations=14 (full 0):
 garbage-first heap   total 385024K, used 122883K [0x0000000600000000, 0x0000000800000000)
  region size 4096K, 3 young (12288K), 3 survivors (12288K)
 Metaspace       used 132399K, committed 133440K, reserved 1179648K
  class space    used 17708K, committed 18176K, reserved 1048576K
}

