# JRE version: OpenJDK Runtime Environment (17.0.14+7) (build 17.0.14+7-Debian-1deb11u1)
# Java VM: OpenJDK 64-Bit Server VM (17.0.14+7-Debian-1deb11u1, mixed mode, sharing, tiered, compressed oops, compressed class ptrs, g1 gc, linux-amd64)
GC Precious Log:
 CPUs: 40 total, 40 available
 Memory: 64037M
 Large Page Support: Disabled
 NUMA Support: Disabled
 Compressed Oops: Enabled (Zero based)
 Heap Region Size: 4M
 Heap Min Capacity: 8M
 Heap Initial Capacity: 1004M
 Heap Max Capacity: 8G
 Pre-touch: Disabled
 Parallel Workers: 28
 Concurrent Workers: 7
 Concurrent Refinement Workers: 28
 Periodic GC: Disabled
Heap:
 garbage-first heap   total 393216K, used 152814K [0x0000000600000000, 0x0000000800000000)
  region size 4096K, 12 young (49152K), 3 survivors (12288K)
 Metaspace       used 131900K, committed 132736K, reserved 1179648K
  class space    used 17271K, committed 17664K, reserved 1048576K
GC Heap History (16 events):
Event: 0.806 GC heap before
{Heap before GC invocations=0 (full 0):
 garbage-first heap   total 1036288K, used 114608K [0x0000000600000000, 0x0000000800000000)
  region size 4096K, 12 young (49152K), 0 survivors (0K)
 Metaspace       used 11203K, committed 11392K, reserved 1114112K
  class space    used 1678K, committed 1792K, reserved 1048576K
}
Event: 0.811 GC heap after
{Heap after GC invocations=1 (full 0):
 garbage-first heap   total 1036288K, used 85637K [0x0000000600000000, 0x0000000800000000)
  region size 4096K, 2 young (8192K), 2 survivors (8192K)
 Metaspace       used 11203K, committed 11392K, reserved 1114112K
  class space    used 1678K, committed 1792K, reserved 1048576K
}
Event: 1.444 GC heap before
{Heap before GC invocations=1 (full 0):
 garbage-first heap   total 1036288K, used 114309K [0x0000000600000000, 0x0000000800000000)
  region size 4096K, 11 young (45056K), 2 survivors (8192K)
 Metaspace       used 21283K, committed 21504K, reserved 1114112K
  class space    used 2922K, committed 3072K, reserved 1048576K
}
Event: 1.451 GC heap after
{Heap after GC invocations=2 (full 0):
 garbage-first heap   total 1036288K, used 87981K [0x0000000600000000, 0x0000000800000000)
  region size 4096K, 1 young (4096K), 1 survivors (4096K)
 Metaspace       used 21283K, committed 21504K, reserved 1114112K
  class space    used 2922K, committed 3072K, reserved 1048576K
}
Event: 2.016 GC heap before
{Heap before GC invocations=3 (full 0):
 garbage-first heap   total 327680K, used 133037K [0x0000000600000000, 0x0000000800000000)
  region size 4096K, 13 young (53248K), 1 survivors (4096K)
 Metaspace       used 32623K, committed 32896K, reserved 1114112K
  class space    used 4462K, committed 4608K, reserved 1048576K
}
Event: 2.023 GC heap after
{Heap after GC invocations=4 (full 0):
 garbage-first heap   total 327680K, used 91884K [0x0000000600000000, 0x0000000800000000)
  region size 4096K, 2 young (8192K), 2 survivors (8192K)
 Metaspace       used 32623K, committed 32896K, reserved 1114112K
  class space    used 4462K, committed 4608K, reserved 1048576K
}
Event: 2.227 GC heap before
{Heap before GC invocations=4 (full 0):
 garbage-first heap   total 327680K, used 108268K [0x0000000600000000, 0x0000000800000000)
  region size 4096K, 7 young (28672K), 2 survivors (8192K)
 Metaspace       used 35857K, committed 36160K, reserved 1114112K
  class space    used 4868K, committed 4992K, reserved 1048576K
}
Event: 2.234 GC heap after
{Heap after GC invocations=5 (full 0):
 garbage-first heap   total 327680K, used 93168K [0x0000000600000000, 0x0000000800000000)
  region size 4096K, 2 young (8192K), 2 survivors (8192K)
 Metaspace       used 35857K, committed 36160K, reserved 1114112K
  class space    used 4868K, committed 4992K, reserved 1048576K
}
Event: 3.609 GC heap before
{Heap before GC invocations=6 (full 0):
 garbage-first heap   total 327680K, used 199664K [0x0000000600000000, 0x0000000800000000)
  region size 4096K, 29 young (118784K), 2 survivors (8192K)
 Metaspace       used 60277K, committed 60608K, reserved 1114112K
  class space    used 7834K, committed 8000K, reserved 1048576K
}
Event: 3.624 GC heap after
{Heap after GC invocations=7 (full 0):
 garbage-first heap   total 327680K, used 100308K [0x0000000600000000, 0x0000000800000000)
  region size 4096K, 4 young (16384K), 4 survivors (16384K)
 Metaspace       used 60277K, committed 60608K, reserved 1114112K
  class space    used 7834K, committed 8000K, reserved 1048576K
}
Event: 5.463 GC heap before
{Heap before GC invocations=8 (full 0):
 garbage-first heap   total 327680K, used 239572K [0x0000000600000000, 0x0000000800000000)
  region size 4096K, 39 young (159744K), 4 survivors (16384K)
 Metaspace       used 93336K, committed 93824K, reserved 1179648K
  class space    used 12054K, committed 12288K, reserved 1048576K
}
Event: 5.489 GC heap after
{Heap after GC invocations=9 (full 0):
 garbage-first heap   total 327680K, used 110853K [0x0000000600000000, 0x0000000800000000)
  region size 4096K, 5 young (20480K), 5 survivors (20480K)
 Metaspace       used 93336K, committed 93824K, reserved 1179648K
  class space    used 12054K, committed 12288K, reserved 1048576K
}
Event: 6.062 GC heap before
{Heap before GC invocations=9 (full 0):
 garbage-first heap   total 327680K, used 147717K [0x0000000600000000, 0x0000000800000000)
  region size 4096K, 15 young (61440K), 5 survivors (20480K)
 Metaspace       used 101000K, committed 101440K, reserved 1179648K
  class space    used 13132K, committed 13312K, reserved 1048576K
}
Event: 6.080 GC heap after
{Heap after GC invocations=10 (full 0):
 garbage-first heap   total 327680K, used 113598K [0x0000000600000000, 0x0000000800000000)
  region size 4096K, 4 young (16384K), 4 survivors (16384K)
 Metaspace       used 101000K, committed 101440K, reserved 1179648K
  class space    used 13132K, committed 13312K, reserved 1048576K
}
Event: 7.710 GC heap before
{Heap before GC invocations=11 (full 0):
 garbage-first heap   total 327680K, used 269246K [0x0000000600000000, 0x0000000800000000)
  region size 4096K, 37 young (151552K), 4 survivors (16384K)
 Metaspace       used 125085K, committed 126016K, reserved 1179648K
  class space    used 16534K, committed 16960K, reserved 1048576K
}
Event: 7.733 GC heap after
{Heap after GC invocations=12 (full 0):
 garbage-first heap   total 393216K, used 120046K [0x0000000600000000, 0x0000000800000000)
  region size 4096K, 3 young (12288K), 3 survivors (12288K)
 Metaspace       used 125085K, committed 126016K, reserved 1179648K
  class space    used 16534K, committed 16960K, reserved 1048576K
}

