# JRE version: OpenJDK Runtime Environment (17.0.14+7) (build 17.0.14+7-Debian-1deb11u1)
# Java VM: OpenJDK 64-Bit Server VM (17.0.14+7-Debian-1deb11u1, mixed mode, sharing, tiered, compressed oops, compressed class ptrs, g1 gc, linux-amd64)
GC Precious Log:
 CPUs: 40 total, 40 available
 Memory: 64037M
 Large Page Support: Disabled
 NUMA Support: Disabled
 Compressed Oops: Enabled (Zero based)
 Heap Region Size: 4M
 Heap Min Capacity: 8M
 Heap Initial Capacity: 1004M
 Heap Max Capacity: 8G
 Pre-touch: Disabled
 Parallel Workers: 28
 Concurrent Workers: 7
 Concurrent Refinement Workers: 28
 Periodic GC: Disabled
Heap:
 garbage-first heap   total 327680K, used 197440K [0x0000000600000000, 0x0000000800000000)
  region size 4096K, 22 young (90112K), 3 survivors (12288K)
 Metaspace       used 137169K, committed 138176K, reserved 1179648K
  class space    used 18227K, committed 18688K, reserved 1048576K
GC Heap History (16 events):
Event: 0.811 GC heap before
{Heap before GC invocations=0 (full 0):
 garbage-first heap   total 1036288K, used 114608K [0x0000000600000000, 0x0000000800000000)
  region size 4096K, 12 young (49152K), 0 survivors (0K)
 Metaspace       used 11272K, committed 11456K, reserved 1114112K
  class space    used 1688K, committed 1792K, reserved 1048576K
}
Event: 0.815 GC heap after
{Heap after GC invocations=1 (full 0):
 garbage-first heap   total 1036288K, used 85839K [0x0000000600000000, 0x0000000800000000)
  region size 4096K, 2 young (8192K), 2 survivors (8192K)
 Metaspace       used 11272K, committed 11456K, reserved 1114112K
  class space    used 1688K, committed 1792K, reserved 1048576K
}
Event: 1.465 GC heap before
{Heap before GC invocations=1 (full 0):
 garbage-first heap   total 1036288K, used 114511K [0x0000000600000000, 0x0000000800000000)
  region size 4096K, 11 young (45056K), 2 survivors (8192K)
 Metaspace       used 21284K, committed 21504K, reserved 1114112K
  class space    used 2923K, committed 3072K, reserved 1048576K
}
Event: 1.472 GC heap after
{Heap after GC invocations=2 (full 0):
 garbage-first heap   total 1036288K, used 87937K [0x0000000600000000, 0x0000000800000000)
  region size 4096K, 1 young (4096K), 1 survivors (4096K)
 Metaspace       used 21284K, committed 21504K, reserved 1114112K
  class space    used 2923K, committed 3072K, reserved 1048576K
}
Event: 2.062 GC heap before
{Heap before GC invocations=3 (full 0):
 garbage-first heap   total 327680K, used 137089K [0x0000000600000000, 0x0000000800000000)
  region size 4096K, 13 young (53248K), 1 survivors (4096K)
 Metaspace       used 32614K, committed 32896K, reserved 1114112K
  class space    used 4460K, committed 4608K, reserved 1048576K
}
Event: 2.068 GC heap after
{Heap after GC invocations=4 (full 0):
 garbage-first heap   total 327680K, used 91942K [0x0000000600000000, 0x0000000800000000)
  region size 4096K, 2 young (8192K), 2 survivors (8192K)
 Metaspace       used 32614K, committed 32896K, reserved 1114112K
  class space    used 4460K, committed 4608K, reserved 1048576K
}
Event: 2.267 GC heap before
{Heap before GC invocations=4 (full 0):
 garbage-first heap   total 327680K, used 104230K [0x0000000600000000, 0x0000000800000000)
  region size 4096K, 6 young (24576K), 2 survivors (8192K)
 Metaspace       used 35858K, committed 36160K, reserved 1114112K
  class space    used 4868K, committed 4992K, reserved 1048576K
}
Event: 2.275 GC heap after
{Heap after GC invocations=5 (full 0):
 garbage-first heap   total 327680K, used 93158K [0x0000000600000000, 0x0000000800000000)
  region size 4096K, 2 young (8192K), 2 survivors (8192K)
 Metaspace       used 35858K, committed 36160K, reserved 1114112K
  class space    used 4868K, committed 4992K, reserved 1048576K
}
Event: 3.645 GC heap before
{Heap before GC invocations=6 (full 0):
 garbage-first heap   total 327680K, used 195558K [0x0000000600000000, 0x0000000800000000)
  region size 4096K, 29 young (118784K), 2 survivors (8192K)
 Metaspace       used 60280K, committed 60608K, reserved 1114112K
  class space    used 7834K, committed 8000K, reserved 1048576K
}
Event: 3.660 GC heap after
{Heap after GC invocations=7 (full 0):
 garbage-first heap   total 327680K, used 100537K [0x0000000600000000, 0x0000000800000000)
  region size 4096K, 4 young (16384K), 4 survivors (16384K)
 Metaspace       used 60280K, committed 60608K, reserved 1114112K
  class space    used 7834K, committed 8000K, reserved 1048576K
}
Event: 5.478 GC heap before
{Heap before GC invocations=8 (full 0):
 garbage-first heap   total 327680K, used 239801K [0x0000000600000000, 0x0000000800000000)
  region size 4096K, 39 young (159744K), 4 survivors (16384K)
 Metaspace       used 93316K, committed 93824K, reserved 1179648K
  class space    used 12053K, committed 12288K, reserved 1048576K
}
Event: 5.501 GC heap after
{Heap after GC invocations=9 (full 0):
 garbage-first heap   total 327680K, used 111584K [0x0000000600000000, 0x0000000800000000)
  region size 4096K, 5 young (20480K), 5 survivors (20480K)
 Metaspace       used 93316K, committed 93824K, reserved 1179648K
  class space    used 12053K, committed 12288K, reserved 1048576K
}
Event: 6.045 GC heap before
{Heap before GC invocations=9 (full 0):
 garbage-first heap   total 327680K, used 148448K [0x0000000600000000, 0x0000000800000000)
  region size 4096K, 15 young (61440K), 5 survivors (20480K)
 Metaspace       used 100989K, committed 101440K, reserved 1179648K
  class space    used 13143K, committed 13376K, reserved 1048576K
}
Event: 6.062 GC heap after
{Heap after GC invocations=10 (full 0):
 garbage-first heap   total 327680K, used 112225K [0x0000000600000000, 0x0000000800000000)
  region size 4096K, 3 young (12288K), 3 survivors (12288K)
 Metaspace       used 100989K, committed 101440K, reserved 1179648K
  class space    used 13143K, committed 13376K, reserved 1048576K
}
Event: 7.874 GC heap before
{Heap before GC invocations=11 (full 0):
 garbage-first heap   total 327680K, used 280161K [0x0000000600000000, 0x0000000800000000)
  region size 4096K, 37 young (151552K), 3 survivors (12288K)
 Metaspace       used 124066K, committed 124928K, reserved 1179648K
  class space    used 16716K, committed 17088K, reserved 1048576K
}
Event: 7.896 GC heap after
{Heap after GC invocations=12 (full 0):
 garbage-first heap   total 327680K, used 119616K [0x0000000600000000, 0x0000000800000000)
  region size 4096K, 3 young (12288K), 3 survivors (12288K)
 Metaspace       used 124066K, committed 124928K, reserved 1179648K
  class space    used 16716K, committed 17088K, reserved 1048576K
}

