# JRE version: OpenJDK Runtime Environment (17.0.14+7) (build 17.0.14+7-Debian-1deb11u1)
# Java VM: OpenJDK 64-Bit Server VM (17.0.14+7-Debian-1deb11u1, mixed mode, sharing, tiered, compressed oops, compressed class ptrs, g1 gc, linux-amd64)
GC Precious Log:
 CPUs: 40 total, 40 available
 Memory: 64037M
 Large Page Support: Disabled
 NUMA Support: Disabled
 Compressed Oops: Enabled (Zero based)
 Heap Region Size: 4M
 Heap Min Capacity: 8M
 Heap Initial Capacity: 1004M
 Heap Max Capacity: 8G
 Pre-touch: Disabled
 Parallel Workers: 28
 Concurrent Workers: 7
 Concurrent Refinement Workers: 28
 Periodic GC: Disabled
Heap:
 garbage-first heap   total 327680K, used 133954K [0x0000000600000000, 0x0000000800000000)
  region size 4096K, 7 young (28672K), 3 survivors (12288K)
 Metaspace       used 130586K, committed 131392K, reserved 1179648K
  class space    used 17195K, committed 17536K, reserved 1048576K
GC Heap History (16 events):
Event: 0.826 GC heap before
{Heap before GC invocations=0 (full 0):
 garbage-first heap   total 1036288K, used 114608K [0x0000000600000000, 0x0000000800000000)
  region size 4096K, 12 young (49152K), 0 survivors (0K)
 Metaspace       used 11489K, committed 11648K, reserved 1114112K
  class space    used 1713K, committed 1792K, reserved 1048576K
}
Event: 0.831 GC heap after
{Heap after GC invocations=1 (full 0):
 garbage-first heap   total 1036288K, used 86140K [0x0000000600000000, 0x0000000800000000)
  region size 4096K, 2 young (8192K), 2 survivors (8192K)
 Metaspace       used 11489K, committed 11648K, reserved 1114112K
  class space    used 1713K, committed 1792K, reserved 1048576K
}
Event: 1.457 GC heap before
{Heap before GC invocations=1 (full 0):
 garbage-first heap   total 1036288K, used 118908K [0x0000000600000000, 0x0000000800000000)
  region size 4096K, 11 young (45056K), 2 survivors (8192K)
 Metaspace       used 21278K, committed 21504K, reserved 1114112K
  class space    used 2923K, committed 3072K, reserved 1048576K
}
Event: 1.464 GC heap after
{Heap after GC invocations=2 (full 0):
 garbage-first heap   total 1036288K, used 87911K [0x0000000600000000, 0x0000000800000000)
  region size 4096K, 1 young (4096K), 1 survivors (4096K)
 Metaspace       used 21278K, committed 21504K, reserved 1114112K
  class space    used 2923K, committed 3072K, reserved 1048576K
}
Event: 2.200 GC heap before
{Heap before GC invocations=3 (full 0):
 garbage-first heap   total 327680K, used 137063K [0x0000000600000000, 0x0000000800000000)
  region size 4096K, 13 young (53248K), 1 survivors (4096K)
 Metaspace       used 32583K, committed 32896K, reserved 1114112K
  class space    used 4455K, committed 4608K, reserved 1048576K
}
Event: 2.206 GC heap after
{Heap after GC invocations=4 (full 0):
 garbage-first heap   total 327680K, used 91721K [0x0000000600000000, 0x0000000800000000)
  region size 4096K, 2 young (8192K), 2 survivors (8192K)
 Metaspace       used 32583K, committed 32896K, reserved 1114112K
  class space    used 4455K, committed 4608K, reserved 1048576K
}
Event: 2.506 GC heap before
{Heap before GC invocations=4 (full 0):
 garbage-first heap   total 327680K, used 104009K [0x0000000600000000, 0x0000000800000000)
  region size 4096K, 6 young (24576K), 2 survivors (8192K)
 Metaspace       used 35919K, committed 36160K, reserved 1114112K
  class space    used 4878K, committed 4992K, reserved 1048576K
}
Event: 2.513 GC heap after
{Heap after GC invocations=5 (full 0):
 garbage-first heap   total 327680K, used 93244K [0x0000000600000000, 0x0000000800000000)
  region size 4096K, 2 young (8192K), 2 survivors (8192K)
 Metaspace       used 35919K, committed 36160K, reserved 1114112K
  class space    used 4878K, committed 4992K, reserved 1048576K
}
Event: 4.292 GC heap before
{Heap before GC invocations=6 (full 0):
 garbage-first heap   total 327680K, used 199740K [0x0000000600000000, 0x0000000800000000)
  region size 4096K, 30 young (122880K), 2 survivors (8192K)
 Metaspace       used 60631K, committed 60928K, reserved 1114112K
  class space    used 7908K, committed 8064K, reserved 1048576K
}
Event: 4.309 GC heap after
{Heap after GC invocations=7 (full 0):
 garbage-first heap   total 327680K, used 100429K [0x0000000600000000, 0x0000000800000000)
  region size 4096K, 4 young (16384K), 4 survivors (16384K)
 Metaspace       used 60631K, committed 60928K, reserved 1114112K
  class space    used 7908K, committed 8064K, reserved 1048576K
}
Event: 6.391 GC heap before
{Heap before GC invocations=8 (full 0):
 garbage-first heap   total 327680K, used 239693K [0x0000000600000000, 0x0000000800000000)
  region size 4096K, 39 young (159744K), 4 survivors (16384K)
 Metaspace       used 93921K, committed 94336K, reserved 1179648K
  class space    used 12220K, committed 12416K, reserved 1048576K
}
Event: 6.486 GC heap after
{Heap after GC invocations=9 (full 0):
 garbage-first heap   total 327680K, used 110666K [0x0000000600000000, 0x0000000800000000)
  region size 4096K, 5 young (20480K), 5 survivors (20480K)
 Metaspace       used 93921K, committed 94336K, reserved 1179648K
  class space    used 12220K, committed 12416K, reserved 1048576K
}
Event: 6.996 GC heap before
{Heap before GC invocations=9 (full 0):
 garbage-first heap   total 327680K, used 143434K [0x0000000600000000, 0x0000000800000000)
  region size 4096K, 14 young (57344K), 5 survivors (20480K)
 Metaspace       used 101425K, committed 101888K, reserved 1179648K
  class space    used 13222K, committed 13440K, reserved 1048576K
}
Event: 7.015 GC heap after
{Heap after GC invocations=10 (full 0):
 garbage-first heap   total 327680K, used 113700K [0x0000000600000000, 0x0000000800000000)
  region size 4096K, 4 young (16384K), 4 survivors (16384K)
 Metaspace       used 101425K, committed 101888K, reserved 1179648K
  class space    used 13222K, committed 13440K, reserved 1048576K
}
Event: 9.043 GC heap before
{Heap before GC invocations=11 (full 0):
 garbage-first heap   total 327680K, used 269348K [0x0000000600000000, 0x0000000800000000)
  region size 4096K, 37 young (151552K), 4 survivors (16384K)
 Metaspace       used 128595K, committed 129344K, reserved 1179648K
  class space    used 16842K, committed 17216K, reserved 1048576K
}
Event: 9.066 GC heap after
{Heap after GC invocations=12 (full 0):
 garbage-first heap   total 327680K, used 121666K [0x0000000600000000, 0x0000000800000000)
  region size 4096K, 3 young (12288K), 3 survivors (12288K)
 Metaspace       used 128595K, committed 129344K, reserved 1179648K
  class space    used 16842K, committed 17216K, reserved 1048576K
}

