# JRE version: OpenJDK Runtime Environment (17.0.14+7) (build 17.0.14+7-Debian-1deb11u1)
# Java VM: OpenJDK 64-Bit Server VM (17.0.14+7-Debian-1deb11u1, mixed mode, sharing, tiered, compressed oops, compressed class ptrs, g1 gc, linux-amd64)
GC Precious Log:
 CPUs: 40 total, 40 available
 Memory: 64037M
 Large Page Support: Disabled
 NUMA Support: Disabled
 Compressed Oops: Enabled (Zero based)
 Heap Region Size: 4M
 Heap Min Capacity: 8M
 Heap Initial Capacity: 1004M
 Heap Max Capacity: 8G
 Pre-touch: Disabled
 Parallel Workers: 28
 Concurrent Workers: 7
 Concurrent Refinement Workers: 28
 Periodic GC: Disabled
Heap:
 garbage-first heap   total 393216K, used 318165K [0x0000000600000000, 0x0000000800000000)
  region size 4096K, 41 young (167936K), 3 survivors (12288K)
 Metaspace       used 152355K, committed 153344K, reserved 1245184K
  class space    used 20030K, committed 20480K, reserved 1048576K
GC Heap History (16 events):
Event: 0.810 GC heap before
{Heap before GC invocations=0 (full 0):
 garbage-first heap   total 1036288K, used 114608K [0x0000000600000000, 0x0000000800000000)
  region size 4096K, 12 young (49152K), 0 survivors (0K)
 Metaspace       used 11203K, committed 11392K, reserved 1114112K
  class space    used 1678K, committed 1792K, reserved 1048576K
}
Event: 0.816 GC heap after
{Heap after GC invocations=1 (full 0):
 garbage-first heap   total 1036288K, used 85912K [0x0000000600000000, 0x0000000800000000)
  region size 4096K, 2 young (8192K), 2 survivors (8192K)
 Metaspace       used 11203K, committed 11392K, reserved 1114112K
  class space    used 1678K, committed 1792K, reserved 1048576K
}
Event: 1.453 GC heap before
{Heap before GC invocations=1 (full 0):
 garbage-first heap   total 1036288K, used 114584K [0x0000000600000000, 0x0000000800000000)
  region size 4096K, 11 young (45056K), 2 survivors (8192K)
 Metaspace       used 21270K, committed 21504K, reserved 1114112K
  class space    used 2923K, committed 3072K, reserved 1048576K
}
Event: 1.460 GC heap after
{Heap after GC invocations=2 (full 0):
 garbage-first heap   total 1036288K, used 87926K [0x0000000600000000, 0x0000000800000000)
  region size 4096K, 1 young (4096K), 1 survivors (4096K)
 Metaspace       used 21270K, committed 21504K, reserved 1114112K
  class space    used 2923K, committed 3072K, reserved 1048576K
}
Event: 2.028 GC heap before
{Heap before GC invocations=3 (full 0):
 garbage-first heap   total 327680K, used 137078K [0x0000000600000000, 0x0000000800000000)
  region size 4096K, 13 young (53248K), 1 survivors (4096K)
 Metaspace       used 32595K, committed 32896K, reserved 1114112K
  class space    used 4460K, committed 4608K, reserved 1048576K
}
Event: 2.035 GC heap after
{Heap after GC invocations=4 (full 0):
 garbage-first heap   total 327680K, used 91819K [0x0000000600000000, 0x0000000800000000)
  region size 4096K, 2 young (8192K), 2 survivors (8192K)
 Metaspace       used 32595K, committed 32896K, reserved 1114112K
  class space    used 4460K, committed 4608K, reserved 1048576K
}
Event: 2.242 GC heap before
{Heap before GC invocations=4 (full 0):
 garbage-first heap   total 327680K, used 108203K [0x0000000600000000, 0x0000000800000000)
  region size 4096K, 7 young (28672K), 2 survivors (8192K)
 Metaspace       used 35847K, committed 36096K, reserved 1114112K
  class space    used 4865K, committed 4992K, reserved 1048576K
}
Event: 2.250 GC heap after
{Heap after GC invocations=5 (full 0):
 garbage-first heap   total 327680K, used 93307K [0x0000000600000000, 0x0000000800000000)
  region size 4096K, 2 young (8192K), 2 survivors (8192K)
 Metaspace       used 35847K, committed 36096K, reserved 1114112K
  class space    used 4865K, committed 4992K, reserved 1048576K
}
Event: 3.589 GC heap before
{Heap before GC invocations=6 (full 0):
 garbage-first heap   total 327680K, used 195707K [0x0000000600000000, 0x0000000800000000)
  region size 4096K, 29 young (118784K), 2 survivors (8192K)
 Metaspace       used 60129K, committed 60480K, reserved 1114112K
  class space    used 7815K, committed 8000K, reserved 1048576K
}
Event: 3.602 GC heap after
{Heap after GC invocations=7 (full 0):
 garbage-first heap   total 327680K, used 100529K [0x0000000600000000, 0x0000000800000000)
  region size 4096K, 4 young (16384K), 4 survivors (16384K)
 Metaspace       used 60129K, committed 60480K, reserved 1114112K
  class space    used 7815K, committed 8000K, reserved 1048576K
}
Event: 5.502 GC heap before
{Heap before GC invocations=8 (full 0):
 garbage-first heap   total 327680K, used 239793K [0x0000000600000000, 0x0000000800000000)
  region size 4096K, 39 young (159744K), 4 survivors (16384K)
 Metaspace       used 92526K, committed 93056K, reserved 1179648K
  class space    used 11996K, committed 12224K, reserved 1048576K
}
Event: 5.521 GC heap after
{Heap after GC invocations=9 (full 0):
 garbage-first heap   total 327680K, used 110866K [0x0000000600000000, 0x0000000800000000)
  region size 4096K, 5 young (20480K), 5 survivors (20480K)
 Metaspace       used 92526K, committed 93056K, reserved 1179648K
  class space    used 11996K, committed 12224K, reserved 1048576K
}
Event: 6.078 GC heap before
{Heap before GC invocations=9 (full 0):
 garbage-first heap   total 327680K, used 147730K [0x0000000600000000, 0x0000000800000000)
  region size 4096K, 15 young (61440K), 5 survivors (20480K)
 Metaspace       used 100807K, committed 101248K, reserved 1179648K
  class space    used 13093K, committed 13312K, reserved 1048576K
}
Event: 6.095 GC heap after
{Heap after GC invocations=10 (full 0):
 garbage-first heap   total 327680K, used 112782K [0x0000000600000000, 0x0000000800000000)
  region size 4096K, 4 young (16384K), 4 survivors (16384K)
 Metaspace       used 100807K, committed 101248K, reserved 1179648K
  class space    used 13093K, committed 13312K, reserved 1048576K
}
Event: 7.655 GC heap before
{Heap before GC invocations=11 (full 0):
 garbage-first heap   total 327680K, used 264334K [0x0000000600000000, 0x0000000800000000)
  region size 4096K, 36 young (147456K), 4 survivors (16384K)
 Metaspace       used 126107K, committed 126848K, reserved 1179648K
  class space    used 16563K, committed 16896K, reserved 1048576K
}
Event: 7.677 GC heap after
{Heap after GC invocations=12 (full 0):
 garbage-first heap   total 393216K, used 121557K [0x0000000600000000, 0x0000000800000000)
  region size 4096K, 3 young (12288K), 3 survivors (12288K)
 Metaspace       used 126107K, committed 126848K, reserved 1179648K
  class space    used 16563K, committed 16896K, reserved 1048576K
}

