# JRE version: OpenJDK Runtime Environment (17.0.14+7) (build 17.0.14+7-Debian-1deb11u1)
# Java VM: OpenJDK 64-Bit Server VM (17.0.14+7-Debian-1deb11u1, mixed mode, sharing, tiered, compressed oops, compressed class ptrs, g1 gc, linux-amd64)
GC Precious Log:
 CPUs: 40 total, 40 available
 Memory: 64037M
 Large Page Support: Disabled
 NUMA Support: Disabled
 Compressed Oops: Enabled (Zero based)
 Heap Region Size: 4M
 Heap Min Capacity: 8M
 Heap Initial Capacity: 1004M
 Heap Max Capacity: 8G
 Pre-touch: Disabled
 Parallel Workers: 28
 Concurrent Workers: 7
 Concurrent Refinement Workers: 28
 Periodic GC: Disabled
Heap:
 garbage-first heap   total 438272K, used 339337K [0x0000000600000000, 0x0000000800000000)
  region size 4096K, 51 young (208896K), 4 survivors (16384K)
 Metaspace       used 136371K, committed 137216K, reserved 1179648K
  class space    used 18035K, committed 18432K, reserved 1048576K
GC Heap History (14 events):
Event: 0.789 GC heap before
{Heap before GC invocations=0 (full 0):
 garbage-first heap   total 1036288K, used 114608K [0x0000000600000000, 0x0000000800000000)
  region size 4096K, 12 young (49152K), 0 survivors (0K)
 Metaspace       used 10910K, committed 11072K, reserved 1114112K
  class space    used 1644K, committed 1728K, reserved 1048576K
}
Event: 0.794 GC heap after
{Heap after GC invocations=1 (full 0):
 garbage-first heap   total 1036288K, used 86186K [0x0000000600000000, 0x0000000800000000)
  region size 4096K, 2 young (8192K), 2 survivors (8192K)
 Metaspace       used 10910K, committed 11072K, reserved 1114112K
  class space    used 1644K, committed 1728K, reserved 1048576K
}
Event: 1.468 GC heap before
{Heap before GC invocations=1 (full 0):
 garbage-first heap   total 1036288K, used 118954K [0x0000000600000000, 0x0000000800000000)
  region size 4096K, 12 young (49152K), 2 survivors (8192K)
 Metaspace       used 21283K, committed 21504K, reserved 1114112K
  class space    used 2923K, committed 3072K, reserved 1048576K
}
Event: 1.476 GC heap after
{Heap after GC invocations=2 (full 0):
 garbage-first heap   total 1036288K, used 88556K [0x0000000600000000, 0x0000000800000000)
  region size 4096K, 1 young (4096K), 1 survivors (4096K)
 Metaspace       used 21283K, committed 21504K, reserved 1114112K
  class space    used 2923K, committed 3072K, reserved 1048576K
}
Event: 2.082 GC heap before
{Heap before GC invocations=3 (full 0):
 garbage-first heap   total 344064K, used 141804K [0x0000000600000000, 0x0000000800000000)
  region size 4096K, 14 young (57344K), 1 survivors (4096K)
 Metaspace       used 33108K, committed 33472K, reserved 1114112K
  class space    used 4518K, committed 4672K, reserved 1048576K
}
Event: 2.088 GC heap after
{Heap after GC invocations=4 (full 0):
 garbage-first heap   total 344064K, used 92627K [0x0000000600000000, 0x0000000800000000)
  region size 4096K, 2 young (8192K), 2 survivors (8192K)
 Metaspace       used 33108K, committed 33472K, reserved 1114112K
  class space    used 4518K, committed 4672K, reserved 1048576K
}
Event: 2.272 GC heap before
{Heap before GC invocations=4 (full 0):
 garbage-first heap   total 344064K, used 109011K [0x0000000600000000, 0x0000000800000000)
  region size 4096K, 7 young (28672K), 2 survivors (8192K)
 Metaspace       used 35917K, committed 36160K, reserved 1114112K
  class space    used 4877K, committed 4992K, reserved 1048576K
}
Event: 2.280 GC heap after
{Heap after GC invocations=5 (full 0):
 garbage-first heap   total 344064K, used 93841K [0x0000000600000000, 0x0000000800000000)
  region size 4096K, 2 young (8192K), 2 survivors (8192K)
 Metaspace       used 35917K, committed 36160K, reserved 1114112K
  class space    used 4877K, committed 4992K, reserved 1048576K
}
Event: 4.172 GC heap before
{Heap before GC invocations=6 (full 0):
 garbage-first heap   total 344064K, used 196241K [0x0000000600000000, 0x0000000800000000)
  region size 4096K, 29 young (118784K), 2 survivors (8192K)
 Metaspace       used 60780K, committed 61120K, reserved 1114112K
  class space    used 7893K, committed 8064K, reserved 1048576K
}
Event: 4.187 GC heap after
{Heap after GC invocations=7 (full 0):
 garbage-first heap   total 344064K, used 101155K [0x0000000600000000, 0x0000000800000000)
  region size 4096K, 4 young (16384K), 4 survivors (16384K)
 Metaspace       used 60780K, committed 61120K, reserved 1114112K
  class space    used 7893K, committed 8064K, reserved 1048576K
}
Event: 6.461 GC heap before
{Heap before GC invocations=8 (full 0):
 garbage-first heap   total 344064K, used 256803K [0x0000000600000000, 0x0000000800000000)
  region size 4096K, 42 young (172032K), 4 survivors (16384K)
 Metaspace       used 96980K, committed 97408K, reserved 1179648K
  class space    used 12525K, committed 12736K, reserved 1048576K
}
Event: 6.486 GC heap after
{Heap after GC invocations=9 (full 0):
 garbage-first heap   total 442368K, used 112662K [0x0000000600000000, 0x0000000800000000)
  region size 4096K, 5 young (20480K), 5 survivors (20480K)
 Metaspace       used 96980K, committed 97408K, reserved 1179648K
  class space    used 12525K, committed 12736K, reserved 1048576K
}
Event: 6.857 GC heap before
{Heap before GC invocations=9 (full 0):
 garbage-first heap   total 442368K, used 133142K [0x0000000600000000, 0x0000000800000000)
  region size 4096K, 11 young (45056K), 5 survivors (20480K)
 Metaspace       used 101782K, committed 102208K, reserved 1179648K
  class space    used 13257K, committed 13440K, reserved 1048576K
}
Event: 6.878 GC heap after
{Heap after GC invocations=10 (full 0):
 garbage-first heap   total 442368K, used 114057K [0x0000000600000000, 0x0000000800000000)
  region size 4096K, 4 young (16384K), 4 survivors (16384K)
 Metaspace       used 101782K, committed 102208K, reserved 1179648K
  class space    used 13257K, committed 13440K, reserved 1048576K
}

