# JRE version: OpenJDK Runtime Environment (17.0.14+7) (build 17.0.14+7-Debian-1deb11u1)
# Java VM: OpenJDK 64-Bit Server VM (17.0.14+7-Debian-1deb11u1, mixed mode, sharing, tiered, compressed oops, compressed class ptrs, g1 gc, linux-amd64)
GC Precious Log:
 CPUs: 40 total, 40 available
 Memory: 64037M
 Large Page Support: Disabled
 NUMA Support: Disabled
 Compressed Oops: Enabled (Zero based)
 Heap Region Size: 4M
 Heap Min Capacity: 8M
 Heap Initial Capacity: 1004M
 Heap Max Capacity: 8G
 Pre-touch: Disabled
 Parallel Workers: 28
 Concurrent Workers: 7
 Concurrent Refinement Workers: 28
 Periodic GC: Disabled
Heap:
 garbage-first heap   total 327680K, used 192029K [0x0000000600000000, 0x0000000800000000)
  region size 4096K, 20 young (81920K), 2 survivors (8192K)
 Metaspace       used 136805K, committed 137664K, reserved 1179648K
  class space    used 18101K, committed 18496K, reserved 1048576K
GC Heap History (16 events):
Event: 0.793 GC heap before
{Heap before GC invocations=0 (full 0):
 garbage-first heap   total 1036288K, used 114608K [0x0000000600000000, 0x0000000800000000)
  region size 4096K, 12 young (49152K), 0 survivors (0K)
 Metaspace       used 10910K, committed 11072K, reserved 1114112K
  class space    used 1644K, committed 1728K, reserved 1048576K
}
Event: 0.798 GC heap after
{Heap after GC invocations=1 (full 0):
 garbage-first heap   total 1036288K, used 85534K [0x0000000600000000, 0x0000000800000000)
  region size 4096K, 2 young (8192K), 2 survivors (8192K)
 Metaspace       used 10910K, committed 11072K, reserved 1114112K
  class space    used 1644K, committed 1728K, reserved 1048576K
}
Event: 1.479 GC heap before
{Heap before GC invocations=1 (full 0):
 garbage-first heap   total 1036288K, used 118302K [0x0000000600000000, 0x0000000800000000)
  region size 4096K, 12 young (49152K), 2 survivors (8192K)
 Metaspace       used 21278K, committed 21504K, reserved 1114112K
  class space    used 2923K, committed 3072K, reserved 1048576K
}
Event: 1.486 GC heap after
{Heap after GC invocations=2 (full 0):
 garbage-first heap   total 1036288K, used 88030K [0x0000000600000000, 0x0000000800000000)
  region size 4096K, 1 young (4096K), 1 survivors (4096K)
 Metaspace       used 21278K, committed 21504K, reserved 1114112K
  class space    used 2923K, committed 3072K, reserved 1048576K
}
Event: 2.064 GC heap before
{Heap before GC invocations=3 (full 0):
 garbage-first heap   total 327680K, used 137182K [0x0000000600000000, 0x0000000800000000)
  region size 4096K, 13 young (53248K), 1 survivors (4096K)
 Metaspace       used 32648K, committed 32960K, reserved 1114112K
  class space    used 4468K, committed 4608K, reserved 1048576K
}
Event: 2.070 GC heap after
{Heap after GC invocations=4 (full 0):
 garbage-first heap   total 327680K, used 91834K [0x0000000600000000, 0x0000000800000000)
  region size 4096K, 2 young (8192K), 2 survivors (8192K)
 Metaspace       used 32648K, committed 32960K, reserved 1114112K
  class space    used 4468K, committed 4608K, reserved 1048576K
}
Event: 2.262 GC heap before
{Heap before GC invocations=4 (full 0):
 garbage-first heap   total 327680K, used 104122K [0x0000000600000000, 0x0000000800000000)
  region size 4096K, 6 young (24576K), 2 survivors (8192K)
 Metaspace       used 35856K, committed 36160K, reserved 1114112K
  class space    used 4868K, committed 4992K, reserved 1048576K
}
Event: 2.269 GC heap after
{Heap after GC invocations=5 (full 0):
 garbage-first heap   total 327680K, used 93177K [0x0000000600000000, 0x0000000800000000)
  region size 4096K, 2 young (8192K), 2 survivors (8192K)
 Metaspace       used 35856K, committed 36160K, reserved 1114112K
  class space    used 4868K, committed 4992K, reserved 1048576K
}
Event: 3.637 GC heap before
{Heap before GC invocations=6 (full 0):
 garbage-first heap   total 327680K, used 199673K [0x0000000600000000, 0x0000000800000000)
  region size 4096K, 29 young (118784K), 2 survivors (8192K)
 Metaspace       used 60279K, committed 60608K, reserved 1114112K
  class space    used 7835K, committed 8000K, reserved 1048576K
}
Event: 3.652 GC heap after
{Heap after GC invocations=7 (full 0):
 garbage-first heap   total 327680K, used 100532K [0x0000000600000000, 0x0000000800000000)
  region size 4096K, 4 young (16384K), 4 survivors (16384K)
 Metaspace       used 60279K, committed 60608K, reserved 1114112K
  class space    used 7835K, committed 8000K, reserved 1048576K
}
Event: 5.512 GC heap before
{Heap before GC invocations=8 (full 0):
 garbage-first heap   total 327680K, used 247988K [0x0000000600000000, 0x0000000800000000)
  region size 4096K, 40 young (163840K), 4 survivors (16384K)
 Metaspace       used 94257K, committed 94784K, reserved 1179648K
  class space    used 12182K, committed 12416K, reserved 1048576K
}
Event: 5.531 GC heap after
{Heap after GC invocations=9 (full 0):
 garbage-first heap   total 327680K, used 111555K [0x0000000600000000, 0x0000000800000000)
  region size 4096K, 5 young (20480K), 5 survivors (20480K)
 Metaspace       used 94257K, committed 94784K, reserved 1179648K
  class space    used 12182K, committed 12416K, reserved 1048576K
}
Event: 5.972 GC heap before
{Heap before GC invocations=9 (full 0):
 garbage-first heap   total 327680K, used 140227K [0x0000000600000000, 0x0000000800000000)
  region size 4096K, 13 young (53248K), 5 survivors (20480K)
 Metaspace       used 100989K, committed 101440K, reserved 1179648K
  class space    used 13143K, committed 13376K, reserved 1048576K
}
Event: 5.990 GC heap after
{Heap after GC invocations=10 (full 0):
 garbage-first heap   total 327680K, used 113899K [0x0000000600000000, 0x0000000800000000)
  region size 4096K, 1 young (4096K), 1 survivors (4096K)
 Metaspace       used 100989K, committed 101440K, reserved 1179648K
  class space    used 13143K, committed 13376K, reserved 1048576K
}
Event: 7.739 GC heap before
{Heap before GC invocations=11 (full 0):
 garbage-first heap   total 327680K, used 269547K [0x0000000600000000, 0x0000000800000000)
  region size 4096K, 33 young (135168K), 1 survivors (4096K)
 Metaspace       used 124025K, committed 124928K, reserved 1179648K
  class space    used 16650K, committed 17024K, reserved 1048576K
}
Event: 7.748 GC heap after
{Heap after GC invocations=12 (full 0):
 garbage-first heap   total 327680K, used 118301K [0x0000000600000000, 0x0000000800000000)
  region size 4096K, 2 young (8192K), 2 survivors (8192K)
 Metaspace       used 124025K, committed 124928K, reserved 1179648K
  class space    used 16650K, committed 17024K, reserved 1048576K
}

