# JRE version: OpenJDK Runtime Environment (17.0.14+7) (build 17.0.14+7-Debian-1deb11u1)
# Java VM: OpenJDK 64-Bit Server VM (17.0.14+7-Debian-1deb11u1, mixed mode, sharing, tiered, compressed oops, compressed class ptrs, g1 gc, linux-amd64)
GC Precious Log:
 CPUs: 40 total, 40 available
 Memory: 64037M
 Large Page Support: Disabled
 NUMA Support: Disabled
 Compressed Oops: Enabled (Zero based)
 Heap Region Size: 4M
 Heap Min Capacity: 8M
 Heap Initial Capacity: 1004M
 Heap Max Capacity: 8G
 Pre-touch: Disabled
 Parallel Workers: 28
 Concurrent Workers: 7
 Concurrent Refinement Workers: 28
 Periodic GC: Disabled
Heap:
 garbage-first heap   total 327680K, used 213702K [0x0000000600000000, 0x0000000800000000)
  region size 4096K, 23 young (94208K), 3 survivors (12288K)
 Metaspace       used 138058K, committed 139008K, reserved 1179648K
  class space    used 18263K, committed 18688K, reserved 1048576K
GC Heap History (16 events):
Event: 0.825 GC heap before
{Heap before GC invocations=0 (full 0):
 garbage-first heap   total 1036288K, used 114608K [0x0000000600000000, 0x0000000800000000)
  region size 4096K, 12 young (49152K), 0 survivors (0K)
 Metaspace       used 11272K, committed 11456K, reserved 1114112K
  class space    used 1688K, committed 1792K, reserved 1048576K
}
Event: 0.830 GC heap after
{Heap after GC invocations=1 (full 0):
 garbage-first heap   total 1036288K, used 85587K [0x0000000600000000, 0x0000000800000000)
  region size 4096K, 2 young (8192K), 2 survivors (8192K)
 Metaspace       used 11272K, committed 11456K, reserved 1114112K
  class space    used 1688K, committed 1792K, reserved 1048576K
}
Event: 1.467 GC heap before
{Heap before GC invocations=1 (full 0):
 garbage-first heap   total 1036288K, used 118355K [0x0000000600000000, 0x0000000800000000)
  region size 4096K, 11 young (45056K), 2 survivors (8192K)
 Metaspace       used 21266K, committed 21504K, reserved 1114112K
  class space    used 2921K, committed 3072K, reserved 1048576K
}
Event: 1.474 GC heap after
{Heap after GC invocations=2 (full 0):
 garbage-first heap   total 1036288K, used 88064K [0x0000000600000000, 0x0000000800000000)
  region size 4096K, 1 young (4096K), 1 survivors (4096K)
 Metaspace       used 21266K, committed 21504K, reserved 1114112K
  class space    used 2921K, committed 3072K, reserved 1048576K
}
Event: 2.054 GC heap before
{Heap before GC invocations=3 (full 0):
 garbage-first heap   total 327680K, used 137216K [0x0000000600000000, 0x0000000800000000)
  region size 4096K, 13 young (53248K), 1 survivors (4096K)
 Metaspace       used 32615K, committed 32896K, reserved 1114112K
  class space    used 4460K, committed 4608K, reserved 1048576K
}
Event: 2.061 GC heap after
{Heap after GC invocations=4 (full 0):
 garbage-first heap   total 327680K, used 91961K [0x0000000600000000, 0x0000000800000000)
  region size 4096K, 2 young (8192K), 2 survivors (8192K)
 Metaspace       used 32615K, committed 32896K, reserved 1114112K
  class space    used 4460K, committed 4608K, reserved 1048576K
}
Event: 2.270 GC heap before
{Heap before GC invocations=4 (full 0):
 garbage-first heap   total 327680K, used 104249K [0x0000000600000000, 0x0000000800000000)
  region size 4096K, 6 young (24576K), 2 survivors (8192K)
 Metaspace       used 35918K, committed 36160K, reserved 1114112K
  class space    used 4877K, committed 4992K, reserved 1048576K
}
Event: 2.277 GC heap after
{Heap after GC invocations=5 (full 0):
 garbage-first heap   total 327680K, used 93422K [0x0000000600000000, 0x0000000800000000)
  region size 4096K, 2 young (8192K), 2 survivors (8192K)
 Metaspace       used 35918K, committed 36160K, reserved 1114112K
  class space    used 4877K, committed 4992K, reserved 1048576K
}
Event: 3.673 GC heap before
{Heap before GC invocations=6 (full 0):
 garbage-first heap   total 327680K, used 199918K [0x0000000600000000, 0x0000000800000000)
  region size 4096K, 29 young (118784K), 2 survivors (8192K)
 Metaspace       used 60703K, committed 61056K, reserved 1114112K
  class space    used 7875K, committed 8064K, reserved 1048576K
}
Event: 3.687 GC heap after
{Heap after GC invocations=7 (full 0):
 garbage-first heap   total 327680K, used 100696K [0x0000000600000000, 0x0000000800000000)
  region size 4096K, 4 young (16384K), 4 survivors (16384K)
 Metaspace       used 60703K, committed 61056K, reserved 1114112K
  class space    used 7875K, committed 8064K, reserved 1048576K
}
Event: 5.571 GC heap before
{Heap before GC invocations=8 (full 0):
 garbage-first heap   total 327680K, used 248152K [0x0000000600000000, 0x0000000800000000)
  region size 4096K, 40 young (163840K), 4 survivors (16384K)
 Metaspace       used 94385K, committed 94848K, reserved 1179648K
  class space    used 12200K, committed 12416K, reserved 1048576K
}
Event: 5.594 GC heap after
{Heap after GC invocations=9 (full 0):
 garbage-first heap   total 327680K, used 111405K [0x0000000600000000, 0x0000000800000000)
  region size 4096K, 5 young (20480K), 5 survivors (20480K)
 Metaspace       used 94385K, committed 94848K, reserved 1179648K
  class space    used 12200K, committed 12416K, reserved 1048576K
}
Event: 6.060 GC heap before
{Heap before GC invocations=9 (full 0):
 garbage-first heap   total 327680K, used 144173K [0x0000000600000000, 0x0000000800000000)
  region size 4096K, 14 young (57344K), 5 survivors (20480K)
 Metaspace       used 101655K, committed 102080K, reserved 1179648K
  class space    used 13224K, committed 13440K, reserved 1048576K
}
Event: 6.079 GC heap after
{Heap after GC invocations=10 (full 0):
 garbage-first heap   total 327680K, used 114200K [0x0000000600000000, 0x0000000800000000)
  region size 4096K, 1 young (4096K), 1 survivors (4096K)
 Metaspace       used 101655K, committed 102080K, reserved 1179648K
  class space    used 13224K, committed 13440K, reserved 1048576K
}
Event: 7.971 GC heap before
{Heap before GC invocations=11 (full 0):
 garbage-first heap   total 327680K, used 261656K [0x0000000600000000, 0x0000000800000000)
  region size 4096K, 32 young (131072K), 1 survivors (4096K)
 Metaspace       used 124860K, committed 125760K, reserved 1179648K
  class space    used 16759K, committed 17152K, reserved 1048576K
}
Event: 7.985 GC heap after
{Heap after GC invocations=12 (full 0):
 garbage-first heap   total 327680K, used 119494K [0x0000000600000000, 0x0000000800000000)
  region size 4096K, 3 young (12288K), 3 survivors (12288K)
 Metaspace       used 124860K, committed 125760K, reserved 1179648K
  class space    used 16759K, committed 17152K, reserved 1048576K
}

