# JRE version: OpenJDK Runtime Environment (17.0.14+7) (build 17.0.14+7-Debian-1deb11u1)
# Java VM: OpenJDK 64-Bit Server VM (17.0.14+7-Debian-1deb11u1, mixed mode, sharing, tiered, compressed oops, compressed class ptrs, g1 gc, linux-amd64)
GC Precious Log:
 CPUs: 40 total, 40 available
 Memory: 64037M
 Large Page Support: Disabled
 NUMA Support: Disabled
 Compressed Oops: Enabled (Zero based)
 Heap Region Size: 4M
 Heap Min Capacity: 8M
 Heap Initial Capacity: 1004M
 Heap Max Capacity: 8G
 Pre-touch: Disabled
 Parallel Workers: 28
 Concurrent Workers: 7
 Concurrent Refinement Workers: 28
 Periodic GC: Disabled
Heap:
 garbage-first heap   total 327680K, used 223131K [0x0000000600000000, 0x0000000800000000)
  region size 4096K, 25 young (102400K), 3 survivors (12288K)
 Metaspace       used 138979K, committed 140032K, reserved 1179648K
  class space    used 18428K, committed 18880K, reserved 1048576K
GC Heap History (16 events):
Event: 0.815 GC heap before
{Heap before GC invocations=0 (full 0):
 garbage-first heap   total 1036288K, used 114608K [0x0000000600000000, 0x0000000800000000)
  region size 4096K, 12 young (49152K), 0 survivors (0K)
 Metaspace       used 11120K, committed 11328K, reserved 1114112K
  class space    used 1669K, committed 1792K, reserved 1048576K
}
Event: 0.820 GC heap after
{Heap after GC invocations=1 (full 0):
 garbage-first heap   total 1036288K, used 86156K [0x0000000600000000, 0x0000000800000000)
  region size 4096K, 2 young (8192K), 2 survivors (8192K)
 Metaspace       used 11120K, committed 11328K, reserved 1114112K
  class space    used 1669K, committed 1792K, reserved 1048576K
}
Event: 1.474 GC heap before
{Heap before GC invocations=1 (full 0):
 garbage-first heap   total 1036288K, used 114828K [0x0000000600000000, 0x0000000800000000)
  region size 4096K, 11 young (45056K), 2 survivors (8192K)
 Metaspace       used 21276K, committed 21504K, reserved 1114112K
  class space    used 2923K, committed 3072K, reserved 1048576K
}
Event: 1.481 GC heap after
{Heap after GC invocations=2 (full 0):
 garbage-first heap   total 1036288K, used 87958K [0x0000000600000000, 0x0000000800000000)
  region size 4096K, 1 young (4096K), 1 survivors (4096K)
 Metaspace       used 21276K, committed 21504K, reserved 1114112K
  class space    used 2923K, committed 3072K, reserved 1048576K
}
Event: 2.050 GC heap before
{Heap before GC invocations=3 (full 0):
 garbage-first heap   total 327680K, used 137110K [0x0000000600000000, 0x0000000800000000)
  region size 4096K, 13 young (53248K), 1 survivors (4096K)
 Metaspace       used 32575K, committed 32896K, reserved 1114112K
  class space    used 4455K, committed 4608K, reserved 1048576K
}
Event: 2.056 GC heap after
{Heap after GC invocations=4 (full 0):
 garbage-first heap   total 327680K, used 91735K [0x0000000600000000, 0x0000000800000000)
  region size 4096K, 2 young (8192K), 2 survivors (8192K)
 Metaspace       used 32575K, committed 32896K, reserved 1114112K
  class space    used 4455K, committed 4608K, reserved 1048576K
}
Event: 2.257 GC heap before
{Heap before GC invocations=4 (full 0):
 garbage-first heap   total 327680K, used 104023K [0x0000000600000000, 0x0000000800000000)
  region size 4096K, 6 young (24576K), 2 survivors (8192K)
 Metaspace       used 35928K, committed 36160K, reserved 1114112K
  class space    used 4879K, committed 4992K, reserved 1048576K
}
Event: 2.265 GC heap after
{Heap after GC invocations=5 (full 0):
 garbage-first heap   total 327680K, used 93372K [0x0000000600000000, 0x0000000800000000)
  region size 4096K, 2 young (8192K), 2 survivors (8192K)
 Metaspace       used 35928K, committed 36160K, reserved 1114112K
  class space    used 4879K, committed 4992K, reserved 1048576K
}
Event: 3.655 GC heap before
{Heap before GC invocations=6 (full 0):
 garbage-first heap   total 327680K, used 199868K [0x0000000600000000, 0x0000000800000000)
  region size 4096K, 29 young (118784K), 2 survivors (8192K)
 Metaspace       used 60564K, committed 60928K, reserved 1114112K
  class space    used 7865K, committed 8064K, reserved 1048576K
}
Event: 3.669 GC heap after
{Heap after GC invocations=7 (full 0):
 garbage-first heap   total 327680K, used 100425K [0x0000000600000000, 0x0000000800000000)
  region size 4096K, 4 young (16384K), 4 survivors (16384K)
 Metaspace       used 60564K, committed 60928K, reserved 1114112K
  class space    used 7865K, committed 8064K, reserved 1048576K
}
Event: 5.485 GC heap before
{Heap before GC invocations=8 (full 0):
 garbage-first heap   total 327680K, used 239689K [0x0000000600000000, 0x0000000800000000)
  region size 4096K, 39 young (159744K), 4 survivors (16384K)
 Metaspace       used 93530K, committed 94016K, reserved 1179648K
  class space    used 12074K, committed 12288K, reserved 1048576K
}
Event: 5.504 GC heap after
{Heap after GC invocations=9 (full 0):
 garbage-first heap   total 327680K, used 111014K [0x0000000600000000, 0x0000000800000000)
  region size 4096K, 5 young (20480K), 5 survivors (20480K)
 Metaspace       used 93530K, committed 94016K, reserved 1179648K
  class space    used 12074K, committed 12288K, reserved 1048576K
}
Event: 6.056 GC heap before
{Heap before GC invocations=9 (full 0):
 garbage-first heap   total 327680K, used 147878K [0x0000000600000000, 0x0000000800000000)
  region size 4096K, 15 young (61440K), 5 survivors (20480K)
 Metaspace       used 101270K, committed 101696K, reserved 1179648K
  class space    used 13171K, committed 13376K, reserved 1048576K
}
Event: 6.072 GC heap after
{Heap after GC invocations=10 (full 0):
 garbage-first heap   total 327680K, used 113449K [0x0000000600000000, 0x0000000800000000)
  region size 4096K, 4 young (16384K), 4 survivors (16384K)
 Metaspace       used 101270K, committed 101696K, reserved 1179648K
  class space    used 13171K, committed 13376K, reserved 1048576K
}
Event: 7.973 GC heap before
{Heap before GC invocations=11 (full 0):
 garbage-first heap   total 327680K, used 273193K [0x0000000600000000, 0x0000000800000000)
  region size 4096K, 36 young (147456K), 4 survivors (16384K)
 Metaspace       used 125083K, committed 125952K, reserved 1179648K
  class space    used 16791K, committed 17152K, reserved 1048576K
}
Event: 7.992 GC heap after
{Heap after GC invocations=12 (full 0):
 garbage-first heap   total 327680K, used 120731K [0x0000000600000000, 0x0000000800000000)
  region size 4096K, 3 young (12288K), 3 survivors (12288K)
 Metaspace       used 125083K, committed 125952K, reserved 1179648K
  class space    used 16791K, committed 17152K, reserved 1048576K
}

