# JRE version: OpenJDK Runtime Environment (17.0.14+7) (build 17.0.14+7-Debian-1deb11u1)
# Java VM: OpenJDK 64-Bit Server VM (17.0.14+7-Debian-1deb11u1, mixed mode, sharing, tiered, compressed oops, compressed class ptrs, g1 gc, linux-amd64)
GC Precious Log:
 CPUs: 40 total, 40 available
 Memory: 64037M
 Large Page Support: Disabled
 NUMA Support: Disabled
 Compressed Oops: Enabled (Zero based)
 Heap Region Size: 4M
 Heap Min Capacity: 8M
 Heap Initial Capacity: 1004M
 Heap Max Capacity: 8G
 Pre-touch: Disabled
 Parallel Workers: 28
 Concurrent Workers: 7
 Concurrent Refinement Workers: 28
 Periodic GC: Disabled
Heap:
 garbage-first heap   total 409600K, used 170386K [0x0000000600000000, 0x0000000800000000)
  region size 4096K, 13 young (53248K), 1 survivors (4096K)
 Metaspace       used 139258K, committed 140288K, reserved 1179648K
  class space    used 18441K, committed 18880K, reserved 1048576K
GC Heap History (18 events):
Event: 0.809 GC heap before
{Heap before GC invocations=0 (full 0):
 garbage-first heap   total 1036288K, used 114608K [0x0000000600000000, 0x0000000800000000)
  region size 4096K, 12 young (49152K), 0 survivors (0K)
 Metaspace       used 11204K, committed 11392K, reserved 1114112K
  class space    used 1678K, committed 1792K, reserved 1048576K
}
Event: 0.814 GC heap after
{Heap after GC invocations=1 (full 0):
 garbage-first heap   total 1036288K, used 85947K [0x0000000600000000, 0x0000000800000000)
  region size 4096K, 2 young (8192K), 2 survivors (8192K)
 Metaspace       used 11204K, committed 11392K, reserved 1114112K
  class space    used 1678K, committed 1792K, reserved 1048576K
}
Event: 1.462 GC heap before
{Heap before GC invocations=1 (full 0):
 garbage-first heap   total 1036288K, used 118715K [0x0000000600000000, 0x0000000800000000)
  region size 4096K, 11 young (45056K), 2 survivors (8192K)
 Metaspace       used 21274K, committed 21504K, reserved 1114112K
  class space    used 2923K, committed 3072K, reserved 1048576K
}
Event: 1.469 GC heap after
{Heap after GC invocations=2 (full 0):
 garbage-first heap   total 1036288K, used 88404K [0x0000000600000000, 0x0000000800000000)
  region size 4096K, 1 young (4096K), 1 survivors (4096K)
 Metaspace       used 21274K, committed 21504K, reserved 1114112K
  class space    used 2923K, committed 3072K, reserved 1048576K
}
Event: 2.107 GC heap before
{Heap before GC invocations=3 (full 0):
 garbage-first heap   total 344064K, used 137556K [0x0000000600000000, 0x0000000800000000)
  region size 4096K, 14 young (57344K), 1 survivors (4096K)
 Metaspace       used 33201K, committed 33536K, reserved 1114112K
  class space    used 4529K, committed 4672K, reserved 1048576K
}
Event: 2.113 GC heap after
{Heap after GC invocations=4 (full 0):
 garbage-first heap   total 344064K, used 92546K [0x0000000600000000, 0x0000000800000000)
  region size 4096K, 2 young (8192K), 2 survivors (8192K)
 Metaspace       used 33201K, committed 33536K, reserved 1114112K
  class space    used 4529K, committed 4672K, reserved 1048576K
}
Event: 2.247 GC heap before
{Heap before GC invocations=4 (full 0):
 garbage-first heap   total 344064K, used 100738K [0x0000000600000000, 0x0000000800000000)
  region size 4096K, 4 young (16384K), 2 survivors (8192K)
 Metaspace       used 35315K, committed 35648K, reserved 1114112K
  class space    used 4786K, committed 4928K, reserved 1048576K
}
Event: 2.253 GC heap after
{Heap after GC invocations=5 (full 0):
 garbage-first heap   total 344064K, used 93525K [0x0000000600000000, 0x0000000800000000)
  region size 4096K, 1 young (4096K), 1 survivors (4096K)
 Metaspace       used 35315K, committed 35648K, reserved 1114112K
  class space    used 4786K, committed 4928K, reserved 1048576K
}
Event: 2.289 GC heap before
{Heap before GC invocations=5 (full 0):
 garbage-first heap   total 344064K, used 93525K [0x0000000600000000, 0x0000000800000000)
  region size 4096K, 2 young (8192K), 1 survivors (4096K)
 Metaspace       used 35853K, committed 36096K, reserved 1114112K
  class space    used 4868K, committed 4992K, reserved 1048576K
}
Event: 2.291 GC heap after
{Heap after GC invocations=6 (full 0):
 garbage-first heap   total 344064K, used 93421K [0x0000000600000000, 0x0000000800000000)
  region size 4096K, 1 young (4096K), 1 survivors (4096K)
 Metaspace       used 35853K, committed 36096K, reserved 1114112K
  class space    used 4868K, committed 4992K, reserved 1048576K
}
Event: 3.691 GC heap before
{Heap before GC invocations=7 (full 0):
 garbage-first heap   total 344064K, used 199917K [0x0000000600000000, 0x0000000800000000)
  region size 4096K, 28 young (114688K), 1 survivors (4096K)
 Metaspace       used 60567K, committed 60928K, reserved 1114112K
  class space    used 7865K, committed 8064K, reserved 1048576K
}
Event: 3.700 GC heap after
{Heap after GC invocations=8 (full 0):
 garbage-first heap   total 344064K, used 100627K [0x0000000600000000, 0x0000000800000000)
  region size 4096K, 3 young (12288K), 3 survivors (12288K)
 Metaspace       used 60567K, committed 60928K, reserved 1114112K
  class space    used 7865K, committed 8064K, reserved 1048576K
}
Event: 5.685 GC heap before
{Heap before GC invocations=9 (full 0):
 garbage-first heap   total 344064K, used 252179K [0x0000000600000000, 0x0000000800000000)
  region size 4096K, 40 young (163840K), 3 survivors (12288K)
 Metaspace       used 95137K, committed 95552K, reserved 1179648K
  class space    used 12296K, committed 12480K, reserved 1048576K
}
Event: 5.705 GC heap after
{Heap after GC invocations=10 (full 0):
 garbage-first heap   total 442368K, used 111694K [0x0000000600000000, 0x0000000800000000)
  region size 4096K, 5 young (20480K), 5 survivors (20480K)
 Metaspace       used 95137K, committed 95552K, reserved 1179648K
  class space    used 12296K, committed 12480K, reserved 1048576K
}
Event: 8.326 GC heap before
{Heap before GC invocations=11 (full 0):
 garbage-first heap   total 409600K, used 357454K [0x0000000600000000, 0x0000000800000000)
  region size 4096K, 56 young (229376K), 5 survivors (20480K)
 Metaspace       used 129997K, committed 131008K, reserved 1179648K
  class space    used 17379K, committed 17856K, reserved 1048576K
}
Event: 8.347 GC heap after
{Heap after GC invocations=12 (full 0):
 garbage-first heap   total 409600K, used 123273K [0x0000000600000000, 0x0000000800000000)
  region size 4096K, 6 young (24576K), 6 survivors (24576K)
 Metaspace       used 129997K, committed 131008K, reserved 1179648K
  class space    used 17379K, committed 17856K, reserved 1048576K
}
Event: 8.376 GC heap before
{Heap before GC invocations=12 (full 0):
 garbage-first heap   total 409600K, used 127369K [0x0000000600000000, 0x0000000800000000)
  region size 4096K, 7 young (28672K), 6 survivors (24576K)
 Metaspace       used 130928K, committed 131904K, reserved 1179648K
  class space    used 17477K, committed 17920K, reserved 1048576K
}
Event: 8.397 GC heap after
{Heap after GC invocations=13 (full 0):
 garbage-first heap   total 409600K, used 125330K [0x0000000600000000, 0x0000000800000000)
  region size 4096K, 1 young (4096K), 1 survivors (4096K)
 Metaspace       used 130928K, committed 131904K, reserved 1179648K
  class space    used 17477K, committed 17920K, reserved 1048576K
}

