# JRE version: OpenJDK Runtime Environment (17.0.14+7) (build 17.0.14+7-Debian-1deb11u1)
# Java VM: OpenJDK 64-Bit Server VM (17.0.14+7-Debian-1deb11u1, mixed mode, sharing, tiered, compressed oops, compressed class ptrs, g1 gc, linux-amd64)
GC Precious Log:
 CPUs: 40 total, 40 available
 Memory: 64037M
 Large Page Support: Disabled
 NUMA Support: Disabled
 Compressed Oops: Enabled (Zero based)
 Heap Region Size: 4M
 Heap Min Capacity: 8M
 Heap Initial Capacity: 1004M
 Heap Max Capacity: 8G
 Pre-touch: Disabled
 Parallel Workers: 28
 Concurrent Workers: 7
 Concurrent Refinement Workers: 28
 Periodic GC: Disabled
Heap:
 garbage-first heap   total 393216K, used 258330K [0x0000000600000000, 0x0000000800000000)
  region size 4096K, 29 young (118784K), 6 survivors (24576K)
 Metaspace       used 151432K, committed 152384K, reserved 1245184K
  class space    used 20030K, committed 20480K, reserved 1048576K
GC Heap History (16 events):
Event: 0.836 GC heap before
{Heap before GC invocations=0 (full 0):
 garbage-first heap   total 1036288K, used 114608K [0x0000000600000000, 0x0000000800000000)
  region size 4096K, 12 young (49152K), 0 survivors (0K)
 Metaspace       used 11119K, committed 11328K, reserved 1114112K
  class space    used 1669K, committed 1792K, reserved 1048576K
}
Event: 0.841 GC heap after
{Heap after GC invocations=1 (full 0):
 garbage-first heap   total 1036288K, used 85599K [0x0000000600000000, 0x0000000800000000)
  region size 4096K, 2 young (8192K), 2 survivors (8192K)
 Metaspace       used 11119K, committed 11328K, reserved 1114112K
  class space    used 1669K, committed 1792K, reserved 1048576K
}
Event: 1.464 GC heap before
{Heap before GC invocations=1 (full 0):
 garbage-first heap   total 1036288K, used 114271K [0x0000000600000000, 0x0000000800000000)
  region size 4096K, 11 young (45056K), 2 survivors (8192K)
 Metaspace       used 21276K, committed 21504K, reserved 1114112K
  class space    used 2923K, committed 3072K, reserved 1048576K
}
Event: 1.472 GC heap after
{Heap after GC invocations=2 (full 0):
 garbage-first heap   total 1036288K, used 88018K [0x0000000600000000, 0x0000000800000000)
  region size 4096K, 1 young (4096K), 1 survivors (4096K)
 Metaspace       used 21276K, committed 21504K, reserved 1114112K
  class space    used 2923K, committed 3072K, reserved 1048576K
}
Event: 2.060 GC heap before
{Heap before GC invocations=3 (full 0):
 garbage-first heap   total 327680K, used 137170K [0x0000000600000000, 0x0000000800000000)
  region size 4096K, 13 young (53248K), 1 survivors (4096K)
 Metaspace       used 32622K, committed 32896K, reserved 1114112K
  class space    used 4463K, committed 4608K, reserved 1048576K
}
Event: 2.067 GC heap after
{Heap after GC invocations=4 (full 0):
 garbage-first heap   total 327680K, used 91908K [0x0000000600000000, 0x0000000800000000)
  region size 4096K, 2 young (8192K), 2 survivors (8192K)
 Metaspace       used 32622K, committed 32896K, reserved 1114112K
  class space    used 4463K, committed 4608K, reserved 1048576K
}
Event: 2.279 GC heap before
{Heap before GC invocations=4 (full 0):
 garbage-first heap   total 327680K, used 104196K [0x0000000600000000, 0x0000000800000000)
  region size 4096K, 6 young (24576K), 2 survivors (8192K)
 Metaspace       used 35919K, committed 36160K, reserved 1114112K
  class space    used 4879K, committed 4992K, reserved 1048576K
}
Event: 2.287 GC heap after
{Heap after GC invocations=5 (full 0):
 garbage-first heap   total 327680K, used 93377K [0x0000000600000000, 0x0000000800000000)
  region size 4096K, 2 young (8192K), 2 survivors (8192K)
 Metaspace       used 35919K, committed 36160K, reserved 1114112K
  class space    used 4879K, committed 4992K, reserved 1048576K
}
Event: 3.607 GC heap before
{Heap before GC invocations=6 (full 0):
 garbage-first heap   total 327680K, used 199873K [0x0000000600000000, 0x0000000800000000)
  region size 4096K, 29 young (118784K), 2 survivors (8192K)
 Metaspace       used 60629K, committed 60928K, reserved 1114112K
  class space    used 7908K, committed 8064K, reserved 1048576K
}
Event: 3.623 GC heap after
{Heap after GC invocations=7 (full 0):
 garbage-first heap   total 327680K, used 100580K [0x0000000600000000, 0x0000000800000000)
  region size 4096K, 4 young (16384K), 4 survivors (16384K)
 Metaspace       used 60629K, committed 60928K, reserved 1114112K
  class space    used 7908K, committed 8064K, reserved 1048576K
}
Event: 5.370 GC heap before
{Heap before GC invocations=8 (full 0):
 garbage-first heap   total 327680K, used 239844K [0x0000000600000000, 0x0000000800000000)
  region size 4096K, 39 young (159744K), 4 survivors (16384K)
 Metaspace       used 93899K, committed 94400K, reserved 1179648K
  class space    used 12217K, committed 12416K, reserved 1048576K
}
Event: 5.391 GC heap after
{Heap after GC invocations=9 (full 0):
 garbage-first heap   total 327680K, used 110884K [0x0000000600000000, 0x0000000800000000)
  region size 4096K, 5 young (20480K), 5 survivors (20480K)
 Metaspace       used 93899K, committed 94400K, reserved 1179648K
  class space    used 12217K, committed 12416K, reserved 1048576K
}
Event: 5.882 GC heap before
{Heap before GC invocations=9 (full 0):
 garbage-first heap   total 327680K, used 139556K [0x0000000600000000, 0x0000000800000000)
  region size 4096K, 13 young (53248K), 5 survivors (20480K)
 Metaspace       used 101453K, committed 101888K, reserved 1179648K
  class space    used 13229K, committed 13440K, reserved 1048576K
}
Event: 5.902 GC heap after
{Heap after GC invocations=10 (full 0):
 garbage-first heap   total 393216K, used 113379K [0x0000000600000000, 0x0000000800000000)
  region size 4096K, 4 young (16384K), 4 survivors (16384K)
 Metaspace       used 101453K, committed 101888K, reserved 1179648K
  class space    used 13229K, committed 13440K, reserved 1048576K
}
Event: 8.907 GC heap before
{Heap before GC invocations=11 (full 0):
 garbage-first heap   total 393216K, used 318179K [0x0000000600000000, 0x0000000800000000)
  region size 4096K, 49 young (200704K), 4 survivors (16384K)
 Metaspace       used 141200K, committed 141952K, reserved 1179648K
  class space    used 18558K, committed 18880K, reserved 1048576K
}
Event: 8.927 GC heap after
{Heap after GC invocations=12 (full 0):
 garbage-first heap   total 393216K, used 123162K [0x0000000600000000, 0x0000000800000000)
  region size 4096K, 6 young (24576K), 6 survivors (24576K)
 Metaspace       used 141200K, committed 141952K, reserved 1179648K
  class space    used 18558K, committed 18880K, reserved 1048576K
}

