# JRE version: OpenJDK Runtime Environment (17.0.14+7) (build 17.0.14+7-Debian-1deb11u1)
# Java VM: OpenJDK 64-Bit Server VM (17.0.14+7-Debian-1deb11u1, mixed mode, sharing, tiered, compressed oops, compressed class ptrs, g1 gc, linux-amd64)
GC Precious Log:
 CPUs: 40 total, 40 available
 Memory: 64037M
 Large Page Support: Disabled
 NUMA Support: Disabled
 Compressed Oops: Enabled (Zero based)
 Heap Region Size: 4M
 Heap Min Capacity: 8M
 Heap Initial Capacity: 1004M
 Heap Max Capacity: 8G
 Pre-touch: Disabled
 Parallel Workers: 28
 Concurrent Workers: 7
 Concurrent Refinement Workers: 28
 Periodic GC: Disabled
Heap:
 garbage-first heap   total 385024K, used 246502K [0x0000000600000000, 0x0000000800000000)
  region size 4096K, 23 young (94208K), 3 survivors (12288K)
 Metaspace       used 150890K, committed 151872K, reserved 1245184K
  class space    used 19967K, committed 20416K, reserved 1048576K
GC Heap History (20 events):
Event: 0.826 GC heap before
{Heap before GC invocations=0 (full 0):
 garbage-first heap   total 1036288K, used 114608K [0x0000000600000000, 0x0000000800000000)
  region size 4096K, 12 young (49152K), 0 survivors (0K)
 Metaspace       used 11201K, committed 11392K, reserved 1114112K
  class space    used 1678K, committed 1792K, reserved 1048576K
}
Event: 0.831 GC heap after
{Heap after GC invocations=1 (full 0):
 garbage-first heap   total 1036288K, used 86086K [0x0000000600000000, 0x0000000800000000)
  region size 4096K, 2 young (8192K), 2 survivors (8192K)
 Metaspace       used 11201K, committed 11392K, reserved 1114112K
  class space    used 1678K, committed 1792K, reserved 1048576K
}
Event: 1.439 GC heap before
{Heap before GC invocations=1 (full 0):
 garbage-first heap   total 1036288K, used 118854K [0x0000000600000000, 0x0000000800000000)
  region size 4096K, 11 young (45056K), 2 survivors (8192K)
 Metaspace       used 21264K, committed 21504K, reserved 1114112K
  class space    used 2921K, committed 3072K, reserved 1048576K
}
Event: 1.446 GC heap after
{Heap after GC invocations=2 (full 0):
 garbage-first heap   total 1036288K, used 88260K [0x0000000600000000, 0x0000000800000000)
  region size 4096K, 1 young (4096K), 1 survivors (4096K)
 Metaspace       used 21264K, committed 21504K, reserved 1114112K
  class space    used 2921K, committed 3072K, reserved 1048576K
}
Event: 2.068 GC heap before
{Heap before GC invocations=3 (full 0):
 garbage-first heap   total 344064K, used 141508K [0x0000000600000000, 0x0000000800000000)
  region size 4096K, 14 young (57344K), 1 survivors (4096K)
 Metaspace       used 33101K, committed 33472K, reserved 1114112K
  class space    used 4518K, committed 4672K, reserved 1048576K
}
Event: 2.075 GC heap after
{Heap after GC invocations=4 (full 0):
 garbage-first heap   total 344064K, used 92358K [0x0000000600000000, 0x0000000800000000)
  region size 4096K, 2 young (8192K), 2 survivors (8192K)
 Metaspace       used 33101K, committed 33472K, reserved 1114112K
  class space    used 4518K, committed 4672K, reserved 1048576K
}
Event: 2.215 GC heap before
{Heap before GC invocations=4 (full 0):
 garbage-first heap   total 344064K, used 100550K [0x0000000600000000, 0x0000000800000000)
  region size 4096K, 4 young (16384K), 2 survivors (8192K)
 Metaspace       used 35138K, committed 35456K, reserved 1114112K
  class space    used 4769K, committed 4928K, reserved 1048576K
}
Event: 2.223 GC heap after
{Heap after GC invocations=5 (full 0):
 garbage-first heap   total 344064K, used 93490K [0x0000000600000000, 0x0000000800000000)
  region size 4096K, 1 young (4096K), 1 survivors (4096K)
 Metaspace       used 35138K, committed 35456K, reserved 1114112K
  class space    used 4769K, committed 4928K, reserved 1048576K
}
Event: 2.270 GC heap before
{Heap before GC invocations=5 (full 0):
 garbage-first heap   total 344064K, used 97586K [0x0000000600000000, 0x0000000800000000)
  region size 4096K, 3 young (12288K), 1 survivors (4096K)
 Metaspace       used 35908K, committed 36160K, reserved 1114112K
  class space    used 4876K, committed 4992K, reserved 1048576K
}
Event: 2.273 GC heap after
{Heap after GC invocations=6 (full 0):
 garbage-first heap   total 344064K, used 93369K [0x0000000600000000, 0x0000000800000000)
  region size 4096K, 1 young (4096K), 1 survivors (4096K)
 Metaspace       used 35908K, committed 36160K, reserved 1114112K
  class space    used 4876K, committed 4992K, reserved 1048576K
}
Event: 6.687 GC heap before
{Heap before GC invocations=7 (full 0):
 garbage-first heap   total 344064K, used 199865K [0x0000000600000000, 0x0000000800000000)
  region size 4096K, 28 young (114688K), 1 survivors (4096K)
 Metaspace       used 60684K, committed 61056K, reserved 1114112K
  class space    used 7912K, committed 8128K, reserved 1048576K
}
Event: 6.698 GC heap after
{Heap after GC invocations=8 (full 0):
 garbage-first heap   total 430080K, used 100629K [0x0000000600000000, 0x0000000800000000)
  region size 4096K, 3 young (12288K), 3 survivors (12288K)
 Metaspace       used 60684K, committed 61056K, reserved 1114112K
  class space    used 7912K, committed 8128K, reserved 1048576K
}
Event: 9.594 GC heap before
{Heap before GC invocations=9 (full 0):
 garbage-first heap   total 385024K, used 276757K [0x0000000600000000, 0x0000000800000000)
  region size 4096K, 47 young (192512K), 3 survivors (12288K)
 Metaspace       used 101908K, committed 102336K, reserved 1179648K
  class space    used 13301K, committed 13504K, reserved 1048576K
}
Event: 9.615 GC heap after
{Heap after GC invocations=10 (full 0):
 garbage-first heap   total 385024K, used 112626K [0x0000000600000000, 0x0000000800000000)
  region size 4096K, 5 young (20480K), 5 survivors (20480K)
 Metaspace       used 101908K, committed 102336K, reserved 1179648K
  class space    used 13301K, committed 13504K, reserved 1048576K
}
Event: 9.644 GC heap before
{Heap before GC invocations=10 (full 0):
 garbage-first heap   total 385024K, used 112626K [0x0000000600000000, 0x0000000800000000)
  region size 4096K, 6 young (24576K), 5 survivors (20480K)
 Metaspace       used 102242K, committed 102656K, reserved 1179648K
  class space    used 13373K, committed 13568K, reserved 1048576K
}
Event: 9.665 GC heap after
{Heap after GC invocations=11 (full 0):
 garbage-first heap   total 385024K, used 114881K [0x0000000600000000, 0x0000000800000000)
  region size 4096K, 1 young (4096K), 1 survivors (4096K)
 Metaspace       used 102242K, committed 102656K, reserved 1179648K
  class space    used 13373K, committed 13568K, reserved 1048576K
}
Event: 9.702 GC heap before
{Heap before GC invocations=11 (full 0):
 garbage-first heap   total 385024K, used 114881K [0x0000000600000000, 0x0000000800000000)
  region size 4096K, 2 young (8192K), 1 survivors (4096K)
 Metaspace       used 102555K, committed 102976K, reserved 1179648K
  class space    used 13419K, committed 13632K, reserved 1048576K
}
Event: 9.705 GC heap after
{Heap after GC invocations=12 (full 0):
 garbage-first heap   total 385024K, used 112525K [0x0000000600000000, 0x0000000800000000)
  region size 4096K, 1 young (4096K), 1 survivors (4096K)
 Metaspace       used 102555K, committed 102976K, reserved 1179648K
  class space    used 13419K, committed 13632K, reserved 1048576K
}
Event: 12.479 GC heap before
{Heap before GC invocations=13 (full 0):
 garbage-first heap   total 385024K, used 313229K [0x0000000600000000, 0x0000000800000000)
  region size 4096K, 45 young (184320K), 1 survivors (4096K)
 Metaspace       used 141373K, committed 142144K, reserved 1179648K
  class space    used 18597K, committed 18944K, reserved 1048576K
}
Event: 12.492 GC heap after
{Heap after GC invocations=14 (full 0):
 garbage-first heap   total 385024K, used 123622K [0x0000000600000000, 0x0000000800000000)
  region size 4096K, 3 young (12288K), 3 survivors (12288K)
 Metaspace       used 141373K, committed 142144K, reserved 1179648K
  class space    used 18597K, committed 18944K, reserved 1048576K
}

