# JRE version: OpenJDK Runtime Environment (17.0.14+7) (build 17.0.14+7-Debian-1deb11u1)
# Java VM: OpenJDK 64-Bit Server VM (17.0.14+7-Debian-1deb11u1, mixed mode, sharing, tiered, compressed oops, compressed class ptrs, g1 gc, linux-amd64)
GC Precious Log:
 CPUs: 40 total, 40 available
 Memory: 64037M
 Large Page Support: Disabled
 NUMA Support: Disabled
 Compressed Oops: Enabled (Zero based)
 Heap Region Size: 4M
 Heap Min Capacity: 8M
 Heap Initial Capacity: 1004M
 Heap Max Capacity: 8G
 Pre-touch: Disabled
 Parallel Workers: 28
 Concurrent Workers: 7
 Concurrent Refinement Workers: 28
 Periodic GC: Disabled
Heap:
 garbage-first heap   total 327680K, used 219279K [0x0000000600000000, 0x0000000800000000)
  region size 4096K, 26 young (106496K), 3 survivors (12288K)
 Metaspace       used 138918K, committed 139904K, reserved 1179648K
  class space    used 18436K, committed 18880K, reserved 1048576K
GC Heap History (16 events):
Event: 0.829 GC heap before
{Heap before GC invocations=0 (full 0):
 garbage-first heap   total 1036288K, used 114608K [0x0000000600000000, 0x0000000800000000)
  region size 4096K, 12 young (49152K), 0 survivors (0K)
 Metaspace       used 11203K, committed 11392K, reserved 1114112K
  class space    used 1678K, committed 1792K, reserved 1048576K
}
Event: 0.834 GC heap after
{Heap after GC invocations=1 (full 0):
 garbage-first heap   total 1036288K, used 85663K [0x0000000600000000, 0x0000000800000000)
  region size 4096K, 2 young (8192K), 2 survivors (8192K)
 Metaspace       used 11203K, committed 11392K, reserved 1114112K
  class space    used 1678K, committed 1792K, reserved 1048576K
}
Event: 1.437 GC heap before
{Heap before GC invocations=1 (full 0):
 garbage-first heap   total 1036288K, used 118431K [0x0000000600000000, 0x0000000800000000)
  region size 4096K, 11 young (45056K), 2 survivors (8192K)
 Metaspace       used 21277K, committed 21504K, reserved 1114112K
  class space    used 2923K, committed 3072K, reserved 1048576K
}
Event: 1.443 GC heap after
{Heap after GC invocations=2 (full 0):
 garbage-first heap   total 1036288K, used 88049K [0x0000000600000000, 0x0000000800000000)
  region size 4096K, 1 young (4096K), 1 survivors (4096K)
 Metaspace       used 21277K, committed 21504K, reserved 1114112K
  class space    used 2923K, committed 3072K, reserved 1048576K
}
Event: 2.009 GC heap before
{Heap before GC invocations=3 (full 0):
 garbage-first heap   total 327680K, used 133105K [0x0000000600000000, 0x0000000800000000)
  region size 4096K, 13 young (53248K), 1 survivors (4096K)
 Metaspace       used 32519K, committed 32832K, reserved 1114112K
  class space    used 4452K, committed 4608K, reserved 1048576K
}
Event: 2.016 GC heap after
{Heap after GC invocations=4 (full 0):
 garbage-first heap   total 327680K, used 91837K [0x0000000600000000, 0x0000000800000000)
  region size 4096K, 2 young (8192K), 2 survivors (8192K)
 Metaspace       used 32519K, committed 32832K, reserved 1114112K
  class space    used 4452K, committed 4608K, reserved 1048576K
}
Event: 2.252 GC heap before
{Heap before GC invocations=4 (full 0):
 garbage-first heap   total 327680K, used 108221K [0x0000000600000000, 0x0000000800000000)
  region size 4096K, 7 young (28672K), 2 survivors (8192K)
 Metaspace       used 35851K, committed 36160K, reserved 1114112K
  class space    used 4865K, committed 4992K, reserved 1048576K
}
Event: 2.259 GC heap after
{Heap after GC invocations=5 (full 0):
 garbage-first heap   total 327680K, used 93542K [0x0000000600000000, 0x0000000800000000)
  region size 4096K, 2 young (8192K), 2 survivors (8192K)
 Metaspace       used 35851K, committed 36160K, reserved 1114112K
  class space    used 4865K, committed 4992K, reserved 1048576K
}
Event: 3.813 GC heap before
{Heap before GC invocations=6 (full 0):
 garbage-first heap   total 327680K, used 195942K [0x0000000600000000, 0x0000000800000000)
  region size 4096K, 29 young (118784K), 2 survivors (8192K)
 Metaspace       used 60425K, committed 60736K, reserved 1114112K
  class space    used 7851K, committed 8000K, reserved 1048576K
}
Event: 3.827 GC heap after
{Heap after GC invocations=7 (full 0):
 garbage-first heap   total 327680K, used 100556K [0x0000000600000000, 0x0000000800000000)
  region size 4096K, 4 young (16384K), 4 survivors (16384K)
 Metaspace       used 60425K, committed 60736K, reserved 1114112K
  class space    used 7851K, committed 8000K, reserved 1048576K
}
Event: 6.568 GC heap before
{Heap before GC invocations=8 (full 0):
 garbage-first heap   total 327680K, used 243916K [0x0000000600000000, 0x0000000800000000)
  region size 4096K, 39 young (159744K), 4 survivors (16384K)
 Metaspace       used 93442K, committed 93952K, reserved 1179648K
  class space    used 12057K, committed 12288K, reserved 1048576K
}
Event: 6.592 GC heap after
{Heap after GC invocations=9 (full 0):
 garbage-first heap   total 327680K, used 111512K [0x0000000600000000, 0x0000000800000000)
  region size 4096K, 5 young (20480K), 5 survivors (20480K)
 Metaspace       used 93442K, committed 93952K, reserved 1179648K
  class space    used 12057K, committed 12288K, reserved 1048576K
}
Event: 7.142 GC heap before
{Heap before GC invocations=9 (full 0):
 garbage-first heap   total 327680K, used 148376K [0x0000000600000000, 0x0000000800000000)
  region size 4096K, 15 young (61440K), 5 survivors (20480K)
 Metaspace       used 101281K, committed 101696K, reserved 1179648K
  class space    used 13168K, committed 13376K, reserved 1048576K
}
Event: 7.159 GC heap after
{Heap after GC invocations=10 (full 0):
 garbage-first heap   total 327680K, used 113938K [0x0000000600000000, 0x0000000800000000)
  region size 4096K, 4 young (16384K), 4 survivors (16384K)
 Metaspace       used 101281K, committed 101696K, reserved 1179648K
  class space    used 13168K, committed 13376K, reserved 1048576K
}
Event: 9.033 GC heap before
{Heap before GC invocations=11 (full 0):
 garbage-first heap   total 327680K, used 281874K [0x0000000600000000, 0x0000000800000000)
  region size 4096K, 37 young (151552K), 4 survivors (16384K)
 Metaspace       used 125584K, committed 126464K, reserved 1179648K
  class space    used 16854K, committed 17280K, reserved 1048576K
}
Event: 9.051 GC heap after
{Heap after GC invocations=12 (full 0):
 garbage-first heap   total 327680K, used 120975K [0x0000000600000000, 0x0000000800000000)
  region size 4096K, 3 young (12288K), 3 survivors (12288K)
 Metaspace       used 125584K, committed 126464K, reserved 1179648K
  class space    used 16854K, committed 17280K, reserved 1048576K
}

