# JRE version: OpenJDK Runtime Environment (17.0.14+7) (build 17.0.14+7-Debian-1deb11u1)
# Java VM: OpenJDK 64-Bit Server VM (17.0.14+7-Debian-1deb11u1, mixed mode, sharing, tiered, compressed oops, compressed class ptrs, g1 gc, linux-amd64)
GC Precious Log:
 CPUs: 40 total, 40 available
 Memory: 64037M
 Large Page Support: Disabled
 NUMA Support: Disabled
 Compressed Oops: Enabled (Zero based)
 Heap Region Size: 4M
 Heap Min Capacity: 8M
 Heap Initial Capacity: 1004M
 Heap Max Capacity: 8G
 Pre-touch: Disabled
 Parallel Workers: 28
 Concurrent Workers: 7
 Concurrent Refinement Workers: 28
 Periodic GC: Disabled
Heap:
 garbage-first heap   total 327680K, used 138136K [0x0000000600000000, 0x0000000800000000)
  region size 4096K, 8 young (32768K), 3 survivors (12288K)
 Metaspace       used 130458K, committed 131264K, reserved 1179648K
  class space    used 17213K, committed 17600K, reserved 1048576K
GC Heap History (16 events):
Event: 1.118 GC heap before
{Heap before GC invocations=0 (full 0):
 garbage-first heap   total 1036288K, used 114608K [0x0000000600000000, 0x0000000800000000)
  region size 4096K, 12 young (49152K), 0 survivors (0K)
 Metaspace       used 11201K, committed 11392K, reserved 1114112K
  class space    used 1678K, committed 1792K, reserved 1048576K
}
Event: 1.131 GC heap after
{Heap after GC invocations=1 (full 0):
 garbage-first heap   total 1036288K, used 85599K [0x0000000600000000, 0x0000000800000000)
  region size 4096K, 2 young (8192K), 2 survivors (8192K)
 Metaspace       used 11201K, committed 11392K, reserved 1114112K
  class space    used 1678K, committed 1792K, reserved 1048576K
}
Event: 1.930 GC heap before
{Heap before GC invocations=1 (full 0):
 garbage-first heap   total 1036288K, used 114271K [0x0000000600000000, 0x0000000800000000)
  region size 4096K, 11 young (45056K), 2 survivors (8192K)
 Metaspace       used 21267K, committed 21504K, reserved 1114112K
  class space    used 2921K, committed 3072K, reserved 1048576K
}
Event: 1.938 GC heap after
{Heap after GC invocations=2 (full 0):
 garbage-first heap   total 1036288K, used 88065K [0x0000000600000000, 0x0000000800000000)
  region size 4096K, 1 young (4096K), 1 survivors (4096K)
 Metaspace       used 21267K, committed 21504K, reserved 1114112K
  class space    used 2921K, committed 3072K, reserved 1048576K
}
Event: 2.657 GC heap before
{Heap before GC invocations=3 (full 0):
 garbage-first heap   total 327680K, used 137217K [0x0000000600000000, 0x0000000800000000)
  region size 4096K, 13 young (53248K), 1 survivors (4096K)
 Metaspace       used 32601K, committed 32896K, reserved 1114112K
  class space    used 4458K, committed 4608K, reserved 1048576K
}
Event: 2.663 GC heap after
{Heap after GC invocations=4 (full 0):
 garbage-first heap   total 327680K, used 91871K [0x0000000600000000, 0x0000000800000000)
  region size 4096K, 2 young (8192K), 2 survivors (8192K)
 Metaspace       used 32601K, committed 32896K, reserved 1114112K
  class space    used 4458K, committed 4608K, reserved 1048576K
}
Event: 2.913 GC heap before
{Heap before GC invocations=4 (full 0):
 garbage-first heap   total 327680K, used 104159K [0x0000000600000000, 0x0000000800000000)
  region size 4096K, 6 young (24576K), 2 survivors (8192K)
 Metaspace       used 35834K, committed 36096K, reserved 1114112K
  class space    used 4865K, committed 4992K, reserved 1048576K
}
Event: 2.920 GC heap after
{Heap after GC invocations=5 (full 0):
 garbage-first heap   total 327680K, used 93305K [0x0000000600000000, 0x0000000800000000)
  region size 4096K, 2 young (8192K), 2 survivors (8192K)
 Metaspace       used 35834K, committed 36096K, reserved 1114112K
  class space    used 4865K, committed 4992K, reserved 1048576K
}
Event: 4.333 GC heap before
{Heap before GC invocations=6 (full 0):
 garbage-first heap   total 327680K, used 195705K [0x0000000600000000, 0x0000000800000000)
  region size 4096K, 29 young (118784K), 2 survivors (8192K)
 Metaspace       used 60116K, committed 60416K, reserved 1114112K
  class space    used 7854K, committed 8000K, reserved 1048576K
}
Event: 4.347 GC heap after
{Heap after GC invocations=7 (full 0):
 garbage-first heap   total 327680K, used 100564K [0x0000000600000000, 0x0000000800000000)
  region size 4096K, 4 young (16384K), 4 survivors (16384K)
 Metaspace       used 60116K, committed 60416K, reserved 1114112K
  class space    used 7854K, committed 8000K, reserved 1048576K
}
Event: 6.483 GC heap before
{Heap before GC invocations=8 (full 0):
 garbage-first heap   total 327680K, used 239828K [0x0000000600000000, 0x0000000800000000)
  region size 4096K, 39 young (159744K), 4 survivors (16384K)
 Metaspace       used 93622K, committed 94144K, reserved 1179648K
  class space    used 12195K, committed 12416K, reserved 1048576K
}
Event: 6.509 GC heap after
{Heap after GC invocations=9 (full 0):
 garbage-first heap   total 327680K, used 110313K [0x0000000600000000, 0x0000000800000000)
  region size 4096K, 5 young (20480K), 5 survivors (20480K)
 Metaspace       used 93622K, committed 94144K, reserved 1179648K
  class space    used 12195K, committed 12416K, reserved 1048576K
}
Event: 7.029 GC heap before
{Heap before GC invocations=9 (full 0):
 garbage-first heap   total 327680K, used 138985K [0x0000000600000000, 0x0000000800000000)
  region size 4096K, 13 young (53248K), 5 survivors (20480K)
 Metaspace       used 100765K, committed 101248K, reserved 1179648K
  class space    used 13125K, committed 13376K, reserved 1048576K
}
Event: 7.048 GC heap after
{Heap after GC invocations=10 (full 0):
 garbage-first heap   total 327680K, used 112879K [0x0000000600000000, 0x0000000800000000)
  region size 4096K, 4 young (16384K), 4 survivors (16384K)
 Metaspace       used 100765K, committed 101248K, reserved 1179648K
  class space    used 13125K, committed 13376K, reserved 1048576K
}
Event: 8.852 GC heap before
{Heap before GC invocations=11 (full 0):
 garbage-first heap   total 327680K, used 268527K [0x0000000600000000, 0x0000000800000000)
  region size 4096K, 37 young (151552K), 4 survivors (16384K)
 Metaspace       used 127467K, committed 128256K, reserved 1179648K
  class space    used 16794K, committed 17152K, reserved 1048576K
}
Event: 8.875 GC heap after
{Heap after GC invocations=12 (full 0):
 garbage-first heap   total 327680K, used 121752K [0x0000000600000000, 0x0000000800000000)
  region size 4096K, 3 young (12288K), 3 survivors (12288K)
 Metaspace       used 127467K, committed 128256K, reserved 1179648K
  class space    used 16794K, committed 17152K, reserved 1048576K
}

