# JRE version: OpenJDK Runtime Environment (17.0.14+7) (build 17.0.14+7-Debian-1deb11u1)
# Java VM: OpenJDK 64-Bit Server VM (17.0.14+7-Debian-1deb11u1, mixed mode, sharing, tiered, compressed oops, compressed class ptrs, g1 gc, linux-amd64)
GC Precious Log:
 CPUs: 40 total, 40 available
 Memory: 64037M
 Large Page Support: Disabled
 NUMA Support: Disabled
 Compressed Oops: Enabled (Zero based)
 Heap Region Size: 4M
 Heap Min Capacity: 8M
 Heap Initial Capacity: 1004M
 Heap Max Capacity: 8G
 Pre-touch: Disabled
 Parallel Workers: 28
 Concurrent Workers: 7
 Concurrent Refinement Workers: 28
 Periodic GC: Disabled
Heap:
 garbage-first heap   total 425984K, used 181213K [0x0000000600000000, 0x0000000800000000)
  region size 4096K, 10 young (40960K), 1 survivors (4096K)
 Metaspace       used 150015K, committed 150976K, reserved 1179648K
  class space    used 19804K, committed 20224K, reserved 1048576K
GC Heap History (20 events):
Event: 0.820 GC heap before
{Heap before GC invocations=0 (full 0):
 garbage-first heap   total 1036288K, used 114608K [0x0000000600000000, 0x0000000800000000)
  region size 4096K, 12 young (49152K), 0 survivors (0K)
 Metaspace       used 11271K, committed 11456K, reserved 1114112K
  class space    used 1688K, committed 1792K, reserved 1048576K
}
Event: 0.825 GC heap after
{Heap after GC invocations=1 (full 0):
 garbage-first heap   total 1036288K, used 86187K [0x0000000600000000, 0x0000000800000000)
  region size 4096K, 2 young (8192K), 2 survivors (8192K)
 Metaspace       used 11271K, committed 11456K, reserved 1114112K
  class space    used 1688K, committed 1792K, reserved 1048576K
}
Event: 1.460 GC heap before
{Heap before GC invocations=1 (full 0):
 garbage-first heap   total 1036288K, used 118955K [0x0000000600000000, 0x0000000800000000)
  region size 4096K, 11 young (45056K), 2 survivors (8192K)
 Metaspace       used 21278K, committed 21504K, reserved 1114112K
  class space    used 2923K, committed 3072K, reserved 1048576K
}
Event: 1.467 GC heap after
{Heap after GC invocations=2 (full 0):
 garbage-first heap   total 1036288K, used 88239K [0x0000000600000000, 0x0000000800000000)
  region size 4096K, 1 young (4096K), 1 survivors (4096K)
 Metaspace       used 21278K, committed 21504K, reserved 1114112K
  class space    used 2923K, committed 3072K, reserved 1048576K
}
Event: 2.084 GC heap before
{Heap before GC invocations=3 (full 0):
 garbage-first heap   total 344064K, used 141487K [0x0000000600000000, 0x0000000800000000)
  region size 4096K, 14 young (57344K), 1 survivors (4096K)
 Metaspace       used 33219K, committed 33536K, reserved 1114112K
  class space    used 4534K, committed 4672K, reserved 1048576K
}
Event: 2.089 GC heap after
{Heap after GC invocations=4 (full 0):
 garbage-first heap   total 344064K, used 92352K [0x0000000600000000, 0x0000000800000000)
  region size 4096K, 2 young (8192K), 2 survivors (8192K)
 Metaspace       used 33219K, committed 33536K, reserved 1114112K
  class space    used 4534K, committed 4672K, reserved 1048576K
}
Event: 2.240 GC heap before
{Heap before GC invocations=4 (full 0):
 garbage-first heap   total 344064K, used 100544K [0x0000000600000000, 0x0000000800000000)
  region size 4096K, 4 young (16384K), 2 survivors (8192K)
 Metaspace       used 35344K, committed 35648K, reserved 1114112K
  class space    used 4792K, committed 4928K, reserved 1048576K
}
Event: 2.248 GC heap after
{Heap after GC invocations=5 (full 0):
 garbage-first heap   total 344064K, used 93548K [0x0000000600000000, 0x0000000800000000)
  region size 4096K, 1 young (4096K), 1 survivors (4096K)
 Metaspace       used 35344K, committed 35648K, reserved 1114112K
  class space    used 4792K, committed 4928K, reserved 1048576K
}
Event: 2.283 GC heap before
{Heap before GC invocations=5 (full 0):
 garbage-first heap   total 344064K, used 93548K [0x0000000600000000, 0x0000000800000000)
  region size 4096K, 2 young (8192K), 1 survivors (4096K)
 Metaspace       used 35854K, committed 36160K, reserved 1114112K
  class space    used 4867K, committed 4992K, reserved 1048576K
}
Event: 2.285 GC heap after
{Heap after GC invocations=6 (full 0):
 garbage-first heap   total 344064K, used 93290K [0x0000000600000000, 0x0000000800000000)
  region size 4096K, 1 young (4096K), 1 survivors (4096K)
 Metaspace       used 35854K, committed 36160K, reserved 1114112K
  class space    used 4867K, committed 4992K, reserved 1048576K
}
Event: 3.666 GC heap before
{Heap before GC invocations=7 (full 0):
 garbage-first heap   total 344064K, used 203882K [0x0000000600000000, 0x0000000800000000)
  region size 4096K, 29 young (118784K), 1 survivors (4096K)
 Metaspace       used 60718K, committed 61056K, reserved 1114112K
  class space    used 7878K, committed 8064K, reserved 1048576K
}
Event: 3.675 GC heap after
{Heap after GC invocations=8 (full 0):
 garbage-first heap   total 344064K, used 100503K [0x0000000600000000, 0x0000000800000000)
  region size 4096K, 3 young (12288K), 3 survivors (12288K)
 Metaspace       used 60718K, committed 61056K, reserved 1114112K
  class space    used 7878K, committed 8064K, reserved 1048576K
}
Event: 5.603 GC heap before
{Heap before GC invocations=9 (full 0):
 garbage-first heap   total 344064K, used 252055K [0x0000000600000000, 0x0000000800000000)
  region size 4096K, 40 young (163840K), 3 survivors (12288K)
 Metaspace       used 95357K, committed 95872K, reserved 1179648K
  class space    used 12324K, committed 12544K, reserved 1048576K
}
Event: 5.624 GC heap after
{Heap after GC invocations=10 (full 0):
 garbage-first heap   total 450560K, used 111294K [0x0000000600000000, 0x0000000800000000)
  region size 4096K, 5 young (20480K), 5 survivors (20480K)
 Metaspace       used 95357K, committed 95872K, reserved 1179648K
  class space    used 12324K, committed 12544K, reserved 1048576K
}
Event: 6.059 GC heap before
{Heap before GC invocations=10 (full 0):
 garbage-first heap   total 450560K, used 139966K [0x0000000600000000, 0x0000000800000000)
  region size 4096K, 13 young (53248K), 5 survivors (20480K)
 Metaspace       used 101937K, committed 102336K, reserved 1179648K
  class space    used 13256K, committed 13440K, reserved 1048576K
}
Event: 6.079 GC heap after
{Heap after GC invocations=11 (full 0):
 garbage-first heap   total 450560K, used 113566K [0x0000000600000000, 0x0000000800000000)
  region size 4096K, 4 young (16384K), 4 survivors (16384K)
 Metaspace       used 101937K, committed 102336K, reserved 1179648K
  class space    used 13256K, committed 13440K, reserved 1048576K
}
Event: 9.054 GC heap before
{Heap before GC invocations=12 (full 0):
 garbage-first heap   total 425984K, used 367518K [0x0000000600000000, 0x0000000800000000)
  region size 4096K, 60 young (245760K), 4 survivors (16384K)
 Metaspace       used 146750K, committed 147712K, reserved 1179648K
  class space    used 19384K, committed 19840K, reserved 1048576K
}
Event: 9.071 GC heap after
{Heap after GC invocations=13 (full 0):
 garbage-first heap   total 425984K, used 125464K [0x0000000600000000, 0x0000000800000000)
  region size 4096K, 7 young (28672K), 7 survivors (28672K)
 Metaspace       used 146750K, committed 147712K, reserved 1179648K
  class space    used 19384K, committed 19840K, reserved 1048576K
}
Event: 9.129 GC heap before
{Heap before GC invocations=13 (full 0):
 garbage-first heap   total 425984K, used 137752K [0x0000000600000000, 0x0000000800000000)
  region size 4096K, 8 young (32768K), 7 survivors (28672K)
 Metaspace       used 147488K, committed 148416K, reserved 1179648K
  class space    used 19501K, committed 19968K, reserved 1048576K
}
Event: 9.152 GC heap after
{Heap after GC invocations=14 (full 0):
 garbage-first heap   total 425984K, used 127965K [0x0000000600000000, 0x0000000800000000)
  region size 4096K, 1 young (4096K), 1 survivors (4096K)
 Metaspace       used 147488K, committed 148416K, reserved 1179648K
  class space    used 19501K, committed 19968K, reserved 1048576K
}

