# JRE version: OpenJDK Runtime Environment (17.0.14+7) (build 17.0.14+7-Debian-1deb11u1)
# Java VM: OpenJDK 64-Bit Server VM (17.0.14+7-Debian-1deb11u1, mixed mode, sharing, tiered, compressed oops, compressed class ptrs, g1 gc, linux-amd64)
GC Precious Log:
 CPUs: 40 total, 40 available
 Memory: 64037M
 Large Page Support: Disabled
 NUMA Support: Disabled
 Compressed Oops: Enabled (Zero based)
 Heap Region Size: 4M
 Heap Min Capacity: 8M
 Heap Initial Capacity: 1004M
 Heap Max Capacity: 8G
 Pre-touch: Disabled
 Parallel Workers: 28
 Concurrent Workers: 7
 Concurrent Refinement Workers: 28
 Periodic GC: Disabled
Heap:
 garbage-first heap   total 450560K, used 280057K [0x0000000600000000, 0x0000000800000000)
  region size 4096K, 40 young (163840K), 1 survivors (4096K)
 Metaspace       used 131924K, committed 132672K, reserved 1179648K
  class space    used 17163K, committed 17472K, reserved 1048576K
GC Heap History (20 events):
Event: 2.233 GC heap before
{Heap before GC invocations=4 (full 0):
 garbage-first heap   total 344064K, used 96730K [0x0000000600000000, 0x0000000800000000)
  region size 4096K, 4 young (16384K), 2 survivors (8192K)
 Metaspace       used 35105K, committed 35456K, reserved 1114112K
  class space    used 4766K, committed 4928K, reserved 1048576K
}
Event: 2.240 GC heap after
{Heap after GC invocations=5 (full 0):
 garbage-first heap   total 344064K, used 93710K [0x0000000600000000, 0x0000000800000000)
  region size 4096K, 1 young (4096K), 1 survivors (4096K)
 Metaspace       used 35105K, committed 35456K, reserved 1114112K
  class space    used 4766K, committed 4928K, reserved 1048576K
}
Event: 2.285 GC heap before
{Heap before GC invocations=5 (full 0):
 garbage-first heap   total 344064K, used 97806K [0x0000000600000000, 0x0000000800000000)
  region size 4096K, 3 young (12288K), 1 survivors (4096K)
 Metaspace       used 35910K, committed 36160K, reserved 1114112K
  class space    used 4877K, committed 4992K, reserved 1048576K
}
Event: 2.288 GC heap after
{Heap after GC invocations=6 (full 0):
 garbage-first heap   total 344064K, used 93494K [0x0000000600000000, 0x0000000800000000)
  region size 4096K, 1 young (4096K), 1 survivors (4096K)
 Metaspace       used 35910K, committed 36160K, reserved 1114112K
  class space    used 4877K, committed 4992K, reserved 1048576K
}
Event: 24.582 GC heap before
{Heap before GC invocations=7 (full 0):
 garbage-first heap   total 344064K, used 199990K [0x0000000600000000, 0x0000000800000000)
  region size 4096K, 29 young (118784K), 1 survivors (4096K)
 Metaspace       used 60889K, committed 61248K, reserved 1114112K
  class space    used 7922K, committed 8064K, reserved 1048576K
}
Event: 24.593 GC heap after
{Heap after GC invocations=8 (full 0):
 garbage-first heap   total 413696K, used 100778K [0x0000000600000000, 0x0000000800000000)
  region size 4096K, 3 young (12288K), 3 survivors (12288K)
 Metaspace       used 60889K, committed 61248K, reserved 1114112K
  class space    used 7922K, committed 8064K, reserved 1048576K
}
Event: 24.608 GC heap before
{Heap before GC invocations=8 (full 0):
 garbage-first heap   total 413696K, used 100778K [0x0000000600000000, 0x0000000800000000)
  region size 4096K, 4 young (16384K), 3 survivors (12288K)
 Metaspace       used 61226K, committed 61568K, reserved 1114112K
  class space    used 7958K, committed 8128K, reserved 1048576K
}
Event: 24.620 GC heap after
{Heap after GC invocations=9 (full 0):
 garbage-first heap   total 413696K, used 101097K [0x0000000600000000, 0x0000000800000000)
  region size 4096K, 1 young (4096K), 1 survivors (4096K)
 Metaspace       used 61226K, committed 61568K, reserved 1114112K
  class space    used 7958K, committed 8128K, reserved 1048576K
}
Event: 24.633 GC heap before
{Heap before GC invocations=9 (full 0):
 garbage-first heap   total 413696K, used 101097K [0x0000000600000000, 0x0000000800000000)
  region size 4096K, 2 young (8192K), 1 survivors (4096K)
 Metaspace       used 61511K, committed 61888K, reserved 1114112K
  class space    used 7996K, committed 8192K, reserved 1048576K
}
Event: 24.637 GC heap after
{Heap after GC invocations=10 (full 0):
 garbage-first heap   total 413696K, used 100295K [0x0000000600000000, 0x0000000800000000)
  region size 4096K, 1 young (4096K), 1 survivors (4096K)
 Metaspace       used 61511K, committed 61888K, reserved 1114112K
  class space    used 7996K, committed 8192K, reserved 1048576K
}
Event: 27.263 GC heap before
{Heap before GC invocations=11 (full 0):
 garbage-first heap   total 385024K, used 280519K [0x0000000600000000, 0x0000000800000000)
  region size 4096K, 46 young (188416K), 1 survivors (4096K)
 Metaspace       used 103033K, committed 103488K, reserved 1179648K
  class space    used 13368K, committed 13568K, reserved 1048576K
}
Event: 27.282 GC heap after
{Heap after GC invocations=12 (full 0):
 garbage-first heap   total 385024K, used 111762K [0x0000000600000000, 0x0000000800000000)
  region size 4096K, 3 young (12288K), 3 survivors (12288K)
 Metaspace       used 103033K, committed 103488K, reserved 1179648K
  class space    used 13368K, committed 13568K, reserved 1048576K
}
Event: 27.299 GC heap before
{Heap before GC invocations=12 (full 0):
 garbage-first heap   total 385024K, used 111762K [0x0000000600000000, 0x0000000800000000)
  region size 4096K, 4 young (16384K), 3 survivors (12288K)
 Metaspace       used 103373K, committed 103808K, reserved 1179648K
  class space    used 13387K, committed 13568K, reserved 1048576K
}
Event: 27.312 GC heap after
{Heap after GC invocations=13 (full 0):
 garbage-first heap   total 385024K, used 112786K [0x0000000600000000, 0x0000000800000000)
  region size 4096K, 1 young (4096K), 1 survivors (4096K)
 Metaspace       used 103373K, committed 103808K, reserved 1179648K
  class space    used 13387K, committed 13568K, reserved 1048576K
}
Event: 27.324 GC heap before
{Heap before GC invocations=13 (full 0):
 garbage-first heap   total 385024K, used 112786K [0x0000000600000000, 0x0000000800000000)
  region size 4096K, 2 young (8192K), 1 survivors (4096K)
 Metaspace       used 103655K, committed 104128K, reserved 1179648K
  class space    used 13413K, committed 13632K, reserved 1048576K
}
Event: 27.326 GC heap after
{Heap after GC invocations=14 (full 0):
 garbage-first heap   total 385024K, used 111898K [0x0000000600000000, 0x0000000800000000)
  region size 4096K, 1 young (4096K), 1 survivors (4096K)
 Metaspace       used 103655K, committed 104128K, reserved 1179648K
  class space    used 13413K, committed 13632K, reserved 1048576K
}
Event: 27.477 GC heap before
{Heap before GC invocations=15 (full 0):
 garbage-first heap   total 385024K, used 120090K [0x0000000600000000, 0x0000000800000000)
  region size 4096K, 4 young (16384K), 1 survivors (4096K)
 Metaspace       used 105779K, committed 106368K, reserved 1179648K
  class space    used 13755K, committed 14016K, reserved 1048576K
}
Event: 27.484 GC heap after
{Heap after GC invocations=16 (full 0):
 garbage-first heap   total 1036288K, used 112031K [0x0000000600000000, 0x0000000800000000)
  region size 4096K, 1 young (4096K), 1 survivors (4096K)
 Metaspace       used 105779K, committed 106368K, reserved 1179648K
  class space    used 13755K, committed 14016K, reserved 1048576K
}
Event: 27.537 GC heap before
{Heap before GC invocations=16 (full 0):
 garbage-first heap   total 1036288K, used 128415K [0x0000000600000000, 0x0000000800000000)
  region size 4096K, 4 young (16384K), 1 survivors (4096K)
 Metaspace       used 106529K, committed 107136K, reserved 1179648K
  class space    used 13867K, committed 14144K, reserved 1048576K
}
Event: 27.541 GC heap after
{Heap after GC invocations=17 (full 0):
 garbage-first heap   total 1036288K, used 112121K [0x0000000600000000, 0x0000000800000000)
  region size 4096K, 1 young (4096K), 1 survivors (4096K)
 Metaspace       used 106529K, committed 107136K, reserved 1179648K
  class space    used 13867K, committed 14144K, reserved 1048576K
}

