# JRE version: OpenJDK Runtime Environment (17.0.14+7) (build 17.0.14+7-Debian-1deb11u1)
# Java VM: OpenJDK 64-Bit Server VM (17.0.14+7-Debian-1deb11u1, mixed mode, sharing, tiered, compressed oops, compressed class ptrs, g1 gc, linux-amd64)
GC Precious Log:
 CPUs: 40 total, 40 available
 Memory: 64037M
 Large Page Support: Disabled
 NUMA Support: Disabled
 Compressed Oops: Enabled (Zero based)
 Heap Region Size: 4M
 Heap Min Capacity: 8M
 Heap Initial Capacity: 1004M
 Heap Max Capacity: 8G
 Pre-touch: Disabled
 Parallel Workers: 28
 Concurrent Workers: 7
 Concurrent Refinement Workers: 28
 Periodic GC: Disabled
Heap:
 garbage-first heap   total 385024K, used 271944K [0x0000000600000000, 0x0000000800000000)
  region size 4096K, 36 young (147456K), 1 survivors (4096K)
 Metaspace       used 130385K, committed 131136K, reserved 1179648K
  class space    used 17191K, committed 17536K, reserved 1048576K
GC Heap History (18 events):
Event: 0.851 GC heap before
{Heap before GC invocations=0 (full 0):
 garbage-first heap   total 1036288K, used 114608K [0x0000000600000000, 0x0000000800000000)
  region size 4096K, 12 young (49152K), 0 survivors (0K)
 Metaspace       used 11753K, committed 11968K, reserved 1114112K
  class space    used 1746K, committed 1856K, reserved 1048576K
}
Event: 0.857 GC heap after
{Heap after GC invocations=1 (full 0):
 garbage-first heap   total 1036288K, used 87072K [0x0000000600000000, 0x0000000800000000)
  region size 4096K, 2 young (8192K), 2 survivors (8192K)
 Metaspace       used 11753K, committed 11968K, reserved 1114112K
  class space    used 1746K, committed 1856K, reserved 1048576K
}
Event: 1.465 GC heap before
{Heap before GC invocations=1 (full 0):
 garbage-first heap   total 1036288K, used 119840K [0x0000000600000000, 0x0000000800000000)
  region size 4096K, 11 young (45056K), 2 survivors (8192K)
 Metaspace       used 21277K, committed 21504K, reserved 1114112K
  class space    used 2922K, committed 3072K, reserved 1048576K
}
Event: 1.472 GC heap after
{Heap after GC invocations=2 (full 0):
 garbage-first heap   total 1036288K, used 88365K [0x0000000600000000, 0x0000000800000000)
  region size 4096K, 1 young (4096K), 1 survivors (4096K)
 Metaspace       used 21277K, committed 21504K, reserved 1114112K
  class space    used 2922K, committed 3072K, reserved 1048576K
}
Event: 2.081 GC heap before
{Heap before GC invocations=3 (full 0):
 garbage-first heap   total 344064K, used 137517K [0x0000000600000000, 0x0000000800000000)
  region size 4096K, 14 young (57344K), 1 survivors (4096K)
 Metaspace       used 33104K, committed 33472K, reserved 1114112K
  class space    used 4518K, committed 4672K, reserved 1048576K
}
Event: 2.088 GC heap after
{Heap after GC invocations=4 (full 0):
 garbage-first heap   total 344064K, used 92568K [0x0000000600000000, 0x0000000800000000)
  region size 4096K, 2 young (8192K), 2 survivors (8192K)
 Metaspace       used 33104K, committed 33472K, reserved 1114112K
  class space    used 4518K, committed 4672K, reserved 1048576K
}
Event: 2.235 GC heap before
{Heap before GC invocations=4 (full 0):
 garbage-first heap   total 344064K, used 100760K [0x0000000600000000, 0x0000000800000000)
  region size 4096K, 4 young (16384K), 2 survivors (8192K)
 Metaspace       used 35141K, committed 35456K, reserved 1114112K
  class space    used 4769K, committed 4928K, reserved 1048576K
}
Event: 2.241 GC heap after
{Heap after GC invocations=5 (full 0):
 garbage-first heap   total 344064K, used 93432K [0x0000000600000000, 0x0000000800000000)
  region size 4096K, 1 young (4096K), 1 survivors (4096K)
 Metaspace       used 35141K, committed 35456K, reserved 1114112K
  class space    used 4769K, committed 4928K, reserved 1048576K
}
Event: 2.285 GC heap before
{Heap before GC invocations=5 (full 0):
 garbage-first heap   total 344064K, used 97528K [0x0000000600000000, 0x0000000800000000)
  region size 4096K, 3 young (12288K), 1 survivors (4096K)
 Metaspace       used 35844K, committed 36096K, reserved 1114112K
  class space    used 4866K, committed 4992K, reserved 1048576K
}
Event: 2.287 GC heap after
{Heap after GC invocations=6 (full 0):
 garbage-first heap   total 344064K, used 93452K [0x0000000600000000, 0x0000000800000000)
  region size 4096K, 1 young (4096K), 1 survivors (4096K)
 Metaspace       used 35844K, committed 36096K, reserved 1114112K
  class space    used 4866K, committed 4992K, reserved 1048576K
}
Event: 5.000 GC heap before
{Heap before GC invocations=7 (full 0):
 garbage-first heap   total 344064K, used 204044K [0x0000000600000000, 0x0000000800000000)
  region size 4096K, 29 young (118784K), 1 survivors (4096K)
 Metaspace       used 60487K, committed 60800K, reserved 1114112K
  class space    used 7896K, committed 8064K, reserved 1048576K
}
Event: 5.011 GC heap after
{Heap after GC invocations=8 (full 0):
 garbage-first heap   total 421888K, used 100711K [0x0000000600000000, 0x0000000800000000)
  region size 4096K, 3 young (12288K), 3 survivors (12288K)
 Metaspace       used 60487K, committed 60800K, reserved 1114112K
  class space    used 7896K, committed 8064K, reserved 1048576K
}
Event: 18.916 GC heap before
{Heap before GC invocations=9 (full 0):
 garbage-first heap   total 385024K, used 276839K [0x0000000600000000, 0x0000000800000000)
  region size 4096K, 47 young (192512K), 3 survivors (12288K)
 Metaspace       used 101436K, committed 101888K, reserved 1179648K
  class space    used 13244K, committed 13440K, reserved 1048576K
}
Event: 18.934 GC heap after
{Heap after GC invocations=10 (full 0):
 garbage-first heap   total 385024K, used 112232K [0x0000000600000000, 0x0000000800000000)
  region size 4096K, 5 young (20480K), 5 survivors (20480K)
 Metaspace       used 101436K, committed 101888K, reserved 1179648K
  class space    used 13244K, committed 13440K, reserved 1048576K
}
Event: 18.957 GC heap before
{Heap before GC invocations=10 (full 0):
 garbage-first heap   total 385024K, used 112232K [0x0000000600000000, 0x0000000800000000)
  region size 4096K, 6 young (24576K), 5 survivors (20480K)
 Metaspace       used 101741K, committed 102208K, reserved 1179648K
  class space    used 13292K, committed 13504K, reserved 1048576K
}
Event: 18.978 GC heap after
{Heap after GC invocations=11 (full 0):
 garbage-first heap   total 385024K, used 115111K [0x0000000600000000, 0x0000000800000000)
  region size 4096K, 1 young (4096K), 1 survivors (4096K)
 Metaspace       used 101741K, committed 102208K, reserved 1179648K
  class space    used 13292K, committed 13504K, reserved 1048576K
}
Event: 19.050 GC heap before
{Heap before GC invocations=11 (full 0):
 garbage-first heap   total 385024K, used 115111K [0x0000000600000000, 0x0000000800000000)
  region size 4096K, 2 young (8192K), 1 survivors (4096K)
 Metaspace       used 102084K, committed 102528K, reserved 1179648K
  class space    used 13362K, committed 13568K, reserved 1048576K
}
Event: 19.094 GC heap after
{Heap after GC invocations=12 (full 0):
 garbage-first heap   total 385024K, used 112200K [0x0000000600000000, 0x0000000800000000)
  region size 4096K, 1 young (4096K), 1 survivors (4096K)
 Metaspace       used 102084K, committed 102528K, reserved 1179648K
  class space    used 13362K, committed 13568K, reserved 1048576K
}

