# JRE version: OpenJDK Runtime Environment (17.0.14+7) (build 17.0.14+7-Debian-1deb11u1)
# Java VM: OpenJDK 64-Bit Server VM (17.0.14+7-Debian-1deb11u1, mixed mode, sharing, tiered, compressed oops, compressed class ptrs, g1 gc, linux-amd64)
GC Precious Log:
 CPUs: 40 total, 40 available
 Memory: 64037M
 Large Page Support: Disabled
 NUMA Support: Disabled
 Compressed Oops: Enabled (Zero based)
 Heap Region Size: 4M
 Heap Min Capacity: 8M
 Heap Initial Capacity: 1004M
 Heap Max Capacity: 8G
 Pre-touch: Disabled
 Parallel Workers: 28
 Concurrent Workers: 7
 Concurrent Refinement Workers: 28
 Periodic GC: Disabled
Heap:
 garbage-first heap   total 393216K, used 189135K [0x0000000600000000, 0x0000000800000000)
  region size 4096K, 15 young (61440K), 4 survivors (16384K)
 Metaspace       used 146315K, committed 147200K, reserved 1179648K
  class space    used 19245K, committed 19648K, reserved 1048576K
GC Heap History (16 events):
Event: 0.793 GC heap before
{Heap before GC invocations=0 (full 0):
 garbage-first heap   total 1036288K, used 114608K [0x0000000600000000, 0x0000000800000000)
  region size 4096K, 12 young (49152K), 0 survivors (0K)
 Metaspace       used 10892K, committed 11072K, reserved 1114112K
  class space    used 1643K, committed 1728K, reserved 1048576K
}
Event: 0.798 GC heap after
{Heap after GC invocations=1 (full 0):
 garbage-first heap   total 1036288K, used 86184K [0x0000000600000000, 0x0000000800000000)
  region size 4096K, 2 young (8192K), 2 survivors (8192K)
 Metaspace       used 10892K, committed 11072K, reserved 1114112K
  class space    used 1643K, committed 1728K, reserved 1048576K
}
Event: 1.468 GC heap before
{Heap before GC invocations=1 (full 0):
 garbage-first heap   total 1036288K, used 118952K [0x0000000600000000, 0x0000000800000000)
  region size 4096K, 12 young (49152K), 2 survivors (8192K)
 Metaspace       used 21275K, committed 21504K, reserved 1114112K
  class space    used 2923K, committed 3072K, reserved 1048576K
}
Event: 1.475 GC heap after
{Heap after GC invocations=2 (full 0):
 garbage-first heap   total 1036288K, used 87999K [0x0000000600000000, 0x0000000800000000)
  region size 4096K, 1 young (4096K), 1 survivors (4096K)
 Metaspace       used 21275K, committed 21504K, reserved 1114112K
  class space    used 2923K, committed 3072K, reserved 1048576K
}
Event: 2.040 GC heap before
{Heap before GC invocations=3 (full 0):
 garbage-first heap   total 327680K, used 137151K [0x0000000600000000, 0x0000000800000000)
  region size 4096K, 13 young (53248K), 1 survivors (4096K)
 Metaspace       used 32566K, committed 32896K, reserved 1114112K
  class space    used 4455K, committed 4608K, reserved 1048576K
}
Event: 2.047 GC heap after
{Heap after GC invocations=4 (full 0):
 garbage-first heap   total 327680K, used 91780K [0x0000000600000000, 0x0000000800000000)
  region size 4096K, 2 young (8192K), 2 survivors (8192K)
 Metaspace       used 32566K, committed 32896K, reserved 1114112K
  class space    used 4455K, committed 4608K, reserved 1048576K
}
Event: 2.260 GC heap before
{Heap before GC invocations=4 (full 0):
 garbage-first heap   total 327680K, used 104068K [0x0000000600000000, 0x0000000800000000)
  region size 4096K, 6 young (24576K), 2 survivors (8192K)
 Metaspace       used 35914K, committed 36160K, reserved 1114112K
  class space    used 4877K, committed 4992K, reserved 1048576K
}
Event: 2.267 GC heap after
{Heap after GC invocations=5 (full 0):
 garbage-first heap   total 327680K, used 93333K [0x0000000600000000, 0x0000000800000000)
  region size 4096K, 2 young (8192K), 2 survivors (8192K)
 Metaspace       used 35914K, committed 36160K, reserved 1114112K
  class space    used 4877K, committed 4992K, reserved 1048576K
}
Event: 24.510 GC heap before
{Heap before GC invocations=6 (full 0):
 garbage-first heap   total 327680K, used 199829K [0x0000000600000000, 0x0000000800000000)
  region size 4096K, 30 young (122880K), 2 survivors (8192K)
 Metaspace       used 60794K, committed 61120K, reserved 1114112K
  class space    used 7911K, committed 8064K, reserved 1048576K
}
Event: 24.524 GC heap after
{Heap after GC invocations=7 (full 0):
 garbage-first heap   total 327680K, used 100635K [0x0000000600000000, 0x0000000800000000)
  region size 4096K, 4 young (16384K), 4 survivors (16384K)
 Metaspace       used 60794K, committed 61120K, reserved 1114112K
  class space    used 7911K, committed 8064K, reserved 1048576K
}
Event: 26.480 GC heap before
{Heap before GC invocations=8 (full 0):
 garbage-first heap   total 327680K, used 239899K [0x0000000600000000, 0x0000000800000000)
  region size 4096K, 39 young (159744K), 4 survivors (16384K)
 Metaspace       used 93878K, committed 94336K, reserved 1179648K
  class space    used 12182K, committed 12416K, reserved 1048576K
}
Event: 26.503 GC heap after
{Heap after GC invocations=9 (full 0):
 garbage-first heap   total 327680K, used 111103K [0x0000000600000000, 0x0000000800000000)
  region size 4096K, 5 young (20480K), 5 survivors (20480K)
 Metaspace       used 93878K, committed 94336K, reserved 1179648K
  class space    used 12182K, committed 12416K, reserved 1048576K
}
Event: 27.037 GC heap before
{Heap before GC invocations=9 (full 0):
 garbage-first heap   total 327680K, used 139775K [0x0000000600000000, 0x0000000800000000)
  region size 4096K, 14 young (57344K), 5 survivors (20480K)
 Metaspace       used 101903K, committed 102400K, reserved 1179648K
  class space    used 13272K, committed 13504K, reserved 1048576K
}
Event: 27.057 GC heap after
{Heap after GC invocations=10 (full 0):
 garbage-first heap   total 393216K, used 114057K [0x0000000600000000, 0x0000000800000000)
  region size 4096K, 1 young (4096K), 1 survivors (4096K)
 Metaspace       used 101903K, committed 102400K, reserved 1179648K
  class space    used 13272K, committed 13504K, reserved 1048576K
}
Event: 29.493 GC heap before
{Heap before GC invocations=11 (full 0):
 garbage-first heap   total 393216K, used 318857K [0x0000000600000000, 0x0000000800000000)
  region size 4096K, 46 young (188416K), 1 survivors (4096K)
 Metaspace       used 141422K, committed 142208K, reserved 1179648K
  class space    used 18574K, committed 18944K, reserved 1048576K
}
Event: 29.507 GC heap after
{Heap after GC invocations=12 (full 0):
 garbage-first heap   total 393216K, used 123599K [0x0000000600000000, 0x0000000800000000)
  region size 4096K, 4 young (16384K), 4 survivors (16384K)
 Metaspace       used 141422K, committed 142208K, reserved 1179648K
  class space    used 18574K, committed 18944K, reserved 1048576K
}

