# JRE version: OpenJDK Runtime Environment (17.0.14+7) (build 17.0.14+7-Debian-1deb11u1)
# Java VM: OpenJDK 64-Bit Server VM (17.0.14+7-Debian-1deb11u1, mixed mode, sharing, tiered, compressed oops, compressed class ptrs, g1 gc, linux-amd64)
GC Precious Log:
 CPUs: 40 total, 40 available
 Memory: 64037M
 Large Page Support: Disabled
 NUMA Support: Disabled
 Compressed Oops: Enabled (Zero based)
 Heap Region Size: 4M
 Heap Min Capacity: 8M
 Heap Initial Capacity: 1004M
 Heap Max Capacity: 8G
 Pre-touch: Disabled
 Parallel Workers: 28
 Concurrent Workers: 7
 Concurrent Refinement Workers: 28
 Periodic GC: Disabled
Heap:
 garbage-first heap   total 327680K, used 176905K [0x0000000600000000, 0x0000000800000000)
  region size 4096K, 19 young (77824K), 3 survivors (12288K)
 Metaspace       used 136756K, committed 137664K, reserved 1179648K
  class space    used 18102K, committed 18496K, reserved 1048576K
GC Heap History (16 events):
Event: 0.825 GC heap before
{Heap before GC invocations=0 (full 0):
 garbage-first heap   total 1036288K, used 114608K [0x0000000600000000, 0x0000000800000000)
  region size 4096K, 12 young (49152K), 0 survivors (0K)
 Metaspace       used 11120K, committed 11328K, reserved 1114112K
  class space    used 1669K, committed 1792K, reserved 1048576K
}
Event: 0.830 GC heap after
{Heap after GC invocations=1 (full 0):
 garbage-first heap   total 1036288K, used 85704K [0x0000000600000000, 0x0000000800000000)
  region size 4096K, 2 young (8192K), 2 survivors (8192K)
 Metaspace       used 11120K, committed 11328K, reserved 1114112K
  class space    used 1669K, committed 1792K, reserved 1048576K
}
Event: 1.456 GC heap before
{Heap before GC invocations=1 (full 0):
 garbage-first heap   total 1036288K, used 114376K [0x0000000600000000, 0x0000000800000000)
  region size 4096K, 11 young (45056K), 2 survivors (8192K)
 Metaspace       used 21276K, committed 21504K, reserved 1114112K
  class space    used 2923K, committed 3072K, reserved 1048576K
}
Event: 1.464 GC heap after
{Heap after GC invocations=2 (full 0):
 garbage-first heap   total 1036288K, used 87873K [0x0000000600000000, 0x0000000800000000)
  region size 4096K, 1 young (4096K), 1 survivors (4096K)
 Metaspace       used 21276K, committed 21504K, reserved 1114112K
  class space    used 2923K, committed 3072K, reserved 1048576K
}
Event: 2.027 GC heap before
{Heap before GC invocations=3 (full 0):
 garbage-first heap   total 327680K, used 137025K [0x0000000600000000, 0x0000000800000000)
  region size 4096K, 13 young (53248K), 1 survivors (4096K)
 Metaspace       used 32635K, committed 32960K, reserved 1114112K
  class space    used 4468K, committed 4608K, reserved 1048576K
}
Event: 2.033 GC heap after
{Heap after GC invocations=4 (full 0):
 garbage-first heap   total 327680K, used 91733K [0x0000000600000000, 0x0000000800000000)
  region size 4096K, 2 young (8192K), 2 survivors (8192K)
 Metaspace       used 32635K, committed 32960K, reserved 1114112K
  class space    used 4468K, committed 4608K, reserved 1048576K
}
Event: 2.228 GC heap before
{Heap before GC invocations=4 (full 0):
 garbage-first heap   total 327680K, used 108117K [0x0000000600000000, 0x0000000800000000)
  region size 4096K, 7 young (28672K), 2 survivors (8192K)
 Metaspace       used 35853K, committed 36160K, reserved 1114112K
  class space    used 4868K, committed 4992K, reserved 1048576K
}
Event: 2.235 GC heap after
{Heap after GC invocations=5 (full 0):
 garbage-first heap   total 327680K, used 93269K [0x0000000600000000, 0x0000000800000000)
  region size 4096K, 2 young (8192K), 2 survivors (8192K)
 Metaspace       used 35853K, committed 36160K, reserved 1114112K
  class space    used 4868K, committed 4992K, reserved 1048576K
}
Event: 3.892 GC heap before
{Heap before GC invocations=6 (full 0):
 garbage-first heap   total 327680K, used 195669K [0x0000000600000000, 0x0000000800000000)
  region size 4096K, 29 young (118784K), 2 survivors (8192K)
 Metaspace       used 60451K, committed 60800K, reserved 1114112K
  class space    used 7856K, committed 8000K, reserved 1048576K
}
Event: 3.907 GC heap after
{Heap after GC invocations=7 (full 0):
 garbage-first heap   total 327680K, used 100658K [0x0000000600000000, 0x0000000800000000)
  region size 4096K, 4 young (16384K), 4 survivors (16384K)
 Metaspace       used 60451K, committed 60800K, reserved 1114112K
  class space    used 7856K, committed 8000K, reserved 1048576K
}
Event: 5.698 GC heap before
{Heap before GC invocations=8 (full 0):
 garbage-first heap   total 327680K, used 244018K [0x0000000600000000, 0x0000000800000000)
  region size 4096K, 39 young (159744K), 4 survivors (16384K)
 Metaspace       used 93458K, committed 93888K, reserved 1179648K
  class space    used 12062K, committed 12288K, reserved 1048576K
}
Event: 5.722 GC heap after
{Heap after GC invocations=9 (full 0):
 garbage-first heap   total 327680K, used 111089K [0x0000000600000000, 0x0000000800000000)
  region size 4096K, 5 young (20480K), 5 survivors (20480K)
 Metaspace       used 93458K, committed 93888K, reserved 1179648K
  class space    used 12062K, committed 12288K, reserved 1048576K
}
Event: 6.251 GC heap before
{Heap before GC invocations=9 (full 0):
 garbage-first heap   total 327680K, used 147953K [0x0000000600000000, 0x0000000800000000)
  region size 4096K, 15 young (61440K), 5 survivors (20480K)
 Metaspace       used 101351K, committed 101760K, reserved 1179648K
  class space    used 13180K, committed 13376K, reserved 1048576K
}
Event: 6.268 GC heap after
{Heap after GC invocations=10 (full 0):
 garbage-first heap   total 327680K, used 113116K [0x0000000600000000, 0x0000000800000000)
  region size 4096K, 4 young (16384K), 4 survivors (16384K)
 Metaspace       used 101351K, committed 101760K, reserved 1179648K
  class space    used 13180K, committed 13376K, reserved 1048576K
}
Event: 7.996 GC heap before
{Heap before GC invocations=11 (full 0):
 garbage-first heap   total 327680K, used 276956K [0x0000000600000000, 0x0000000800000000)
  region size 4096K, 36 young (147456K), 4 survivors (16384K)
 Metaspace       used 124430K, committed 125312K, reserved 1179648K
  class space    used 16704K, committed 17088K, reserved 1048576K
}
Event: 8.017 GC heap after
{Heap after GC invocations=12 (full 0):
 garbage-first heap   total 327680K, used 119561K [0x0000000600000000, 0x0000000800000000)
  region size 4096K, 3 young (12288K), 3 survivors (12288K)
 Metaspace       used 124430K, committed 125312K, reserved 1179648K
  class space    used 16704K, committed 17088K, reserved 1048576K
}

