# JRE version: OpenJDK Runtime Environment (17.0.14+7) (build 17.0.14+7-Debian-1deb11u1)
# Java VM: OpenJDK 64-Bit Server VM (17.0.14+7-Debian-1deb11u1, mixed mode, sharing, tiered, compressed oops, compressed class ptrs, g1 gc, linux-amd64)
GC Precious Log:
 CPUs: 40 total, 40 available
 Memory: 64037M
 Large Page Support: Disabled
 NUMA Support: Disabled
 Compressed Oops: Enabled (Zero based)
 Heap Region Size: 4M
 Heap Min Capacity: 8M
 Heap Initial Capacity: 1004M
 Heap Max Capacity: 8G
 Pre-touch: Disabled
 Parallel Workers: 28
 Concurrent Workers: 7
 Concurrent Refinement Workers: 28
 Periodic GC: Disabled
Heap:
 garbage-first heap   total 491520K, used 252862K [0x0000000600000000, 0x0000000800000000)
  region size 4096K, 31 young (126976K), 2 survivors (8192K)
 Metaspace       used 143267K, committed 144128K, reserved 1179648K
  class space    used 18757K, committed 19136K, reserved 1048576K
GC Heap History (20 events):
Event: 2.327 GC heap before
{Heap before GC invocations=4 (full 0):
 garbage-first heap   total 327680K, used 104139K [0x0000000600000000, 0x0000000800000000)
  region size 4096K, 6 young (24576K), 2 survivors (8192K)
 Metaspace       used 35835K, committed 36096K, reserved 1114112K
  class space    used 4866K, committed 4992K, reserved 1048576K
}
Event: 2.334 GC heap after
{Heap after GC invocations=5 (full 0):
 garbage-first heap   total 327680K, used 93245K [0x0000000600000000, 0x0000000800000000)
  region size 4096K, 2 young (8192K), 2 survivors (8192K)
 Metaspace       used 35835K, committed 36096K, reserved 1114112K
  class space    used 4866K, committed 4992K, reserved 1048576K
}
Event: 1802.455 GC heap before
{Heap before GC invocations=6 (full 0):
 garbage-first heap   total 327680K, used 150589K [0x0000000600000000, 0x0000000800000000)
  region size 4096K, 17 young (69632K), 2 survivors (8192K)
 Metaspace       used 43777K, committed 44160K, reserved 1114112K
  class space    used 5752K, committed 5952K, reserved 1048576K
}
Event: 1802.506 GC heap after
{Heap after GC invocations=7 (full 1):
 garbage-first heap   total 327680K, used 94972K [0x0000000600000000, 0x0000000800000000)
  region size 4096K, 0 young (0K), 0 survivors (0K)
 Metaspace       used 43777K, committed 44160K, reserved 1114112K
  class space    used 5752K, committed 5952K, reserved 1048576K
}
Event: 3602.455 GC heap before
{Heap before GC invocations=7 (full 1):
 garbage-first heap   total 327680K, used 111356K [0x0000000600000000, 0x0000000800000000)
  region size 4096K, 5 young (20480K), 0 survivors (0K)
 Metaspace       used 43873K, committed 44288K, reserved 1114112K
  class space    used 5752K, committed 5952K, reserved 1048576K
}
Event: 3602.497 GC heap after
{Heap after GC invocations=8 (full 2):
 garbage-first heap   total 327680K, used 95087K [0x0000000600000000, 0x0000000800000000)
  region size 4096K, 0 young (0K), 0 survivors (0K)
 Metaspace       used 43873K, committed 44288K, reserved 1114112K
  class space    used 5752K, committed 5952K, reserved 1048576K
}
Event: 4347.568 GC heap before
{Heap before GC invocations=8 (full 2):
 garbage-first heap   total 327680K, used 205679K [0x0000000600000000, 0x0000000800000000)
  region size 4096K, 28 young (114688K), 0 survivors (0K)
 Metaspace       used 68638K, committed 69056K, reserved 1114112K
  class space    used 8751K, committed 8960K, reserved 1048576K
}
Event: 4347.579 GC heap after
{Heap after GC invocations=9 (full 2):
 garbage-first heap   total 327680K, used 103759K [0x0000000600000000, 0x0000000800000000)
  region size 4096K, 3 young (12288K), 3 survivors (12288K)
 Metaspace       used 68638K, committed 69056K, reserved 1114112K
  class space    used 8751K, committed 8960K, reserved 1048576K
}
Event: 4348.501 GC heap before
{Heap before GC invocations=9 (full 2):
 garbage-first heap   total 327680K, used 116047K [0x0000000600000000, 0x0000000800000000)
  region size 4096K, 7 young (28672K), 3 survivors (12288K)
 Metaspace       used 73232K, committed 73600K, reserved 1114112K
  class space    used 9340K, committed 9536K, reserved 1048576K
}
Event: 4348.513 GC heap after
{Heap after GC invocations=10 (full 2):
 garbage-first heap   total 327680K, used 104772K [0x0000000600000000, 0x0000000800000000)
  region size 4096K, 3 young (12288K), 3 survivors (12288K)
 Metaspace       used 73232K, committed 73600K, reserved 1114112K
  class space    used 9340K, committed 9536K, reserved 1048576K
}
Event: 4350.266 GC heap before
{Heap before GC invocations=11 (full 2):
 garbage-first heap   total 327680K, used 227652K [0x0000000600000000, 0x0000000800000000)
  region size 4096K, 33 young (135168K), 3 survivors (12288K)
 Metaspace       used 99476K, committed 99968K, reserved 1179648K
  class space    used 12893K, committed 13120K, reserved 1048576K
}
Event: 4350.282 GC heap after
{Heap after GC invocations=12 (full 2):
 garbage-first heap   total 327680K, used 112313K [0x0000000600000000, 0x0000000800000000)
  region size 4096K, 5 young (20480K), 5 survivors (20480K)
 Metaspace       used 99476K, committed 99968K, reserved 1179648K
  class space    used 12893K, committed 13120K, reserved 1048576K
}
Event: 4350.388 GC heap before
{Heap before GC invocations=12 (full 2):
 garbage-first heap   total 327680K, used 116409K [0x0000000600000000, 0x0000000800000000)
  region size 4096K, 6 young (24576K), 5 survivors (20480K)
 Metaspace       used 100298K, committed 100736K, reserved 1179648K
  class space    used 13022K, committed 13248K, reserved 1048576K
}
Event: 4350.407 GC heap after
{Heap after GC invocations=13 (full 2):
 garbage-first heap   total 327680K, used 114631K [0x0000000600000000, 0x0000000800000000)
  region size 4096K, 1 young (4096K), 1 survivors (4096K)
 Metaspace       used 100298K, committed 100736K, reserved 1179648K
  class space    used 13022K, committed 13248K, reserved 1048576K
}
Event: 4350.746 GC heap before
{Heap before GC invocations=13 (full 2):
 garbage-first heap   total 327680K, used 143303K [0x0000000600000000, 0x0000000800000000)
  region size 4096K, 7 young (28672K), 1 survivors (4096K)
 Metaspace       used 105561K, committed 106112K, reserved 1179648K
  class space    used 13692K, committed 13952K, reserved 1048576K
}
Event: 4350.752 GC heap after
{Heap after GC invocations=14 (full 2):
 garbage-first heap   total 327680K, used 113100K [0x0000000600000000, 0x0000000800000000)
  region size 4096K, 1 young (4096K), 1 survivors (4096K)
 Metaspace       used 105561K, committed 106112K, reserved 1179648K
  class space    used 13692K, committed 13952K, reserved 1048576K
}
Event: 4351.398 GC heap before
{Heap before GC invocations=14 (full 2):
 garbage-first heap   total 327680K, used 170444K [0x0000000600000000, 0x0000000800000000)
  region size 4096K, 15 young (61440K), 1 survivors (4096K)
 Metaspace       used 115602K, committed 116224K, reserved 1179648K
  class space    used 15235K, committed 15552K, reserved 1048576K
}
Event: 4351.404 GC heap after
{Heap after GC invocations=15 (full 2):
 garbage-first heap   total 520192K, used 115567K [0x0000000600000000, 0x0000000800000000)
  region size 4096K, 1 young (4096K), 1 survivors (4096K)
 Metaspace       used 115602K, committed 116224K, reserved 1179648K
  class space    used 15235K, committed 15552K, reserved 1048576K
}
Event: 4351.876 GC heap before
{Heap before GC invocations=15 (full 2):
 garbage-first heap   total 520192K, used 164719K [0x0000000600000000, 0x0000000800000000)
  region size 4096K, 12 young (49152K), 1 survivors (4096K)
 Metaspace       used 122685K, committed 123456K, reserved 1179648K
  class space    used 16129K, committed 16512K, reserved 1048576K
}
Event: 4351.884 GC heap after
{Heap after GC invocations=16 (full 2):
 garbage-first heap   total 520192K, used 117694K [0x0000000600000000, 0x0000000800000000)
  region size 4096K, 2 young (8192K), 2 survivors (8192K)
 Metaspace       used 122685K, committed 123456K, reserved 1179648K
  class space    used 16129K, committed 16512K, reserved 1048576K
}

