# JRE version: OpenJDK Runtime Environment (17.0.14+7) (build 17.0.14+7-Debian-1deb11u1)
# Java VM: OpenJDK 64-Bit Server VM (17.0.14+7-Debian-1deb11u1, mixed mode, sharing, tiered, compressed oops, compressed class ptrs, g1 gc, linux-amd64)
GC Precious Log:
 CPUs: 40 total, 40 available
 Memory: 64037M
 Large Page Support: Disabled
 NUMA Support: Disabled
 Compressed Oops: Enabled (Zero based)
 Heap Region Size: 4M
 Heap Min Capacity: 8M
 Heap Initial Capacity: 1004M
 Heap Max Capacity: 8G
 Pre-touch: Disabled
 Parallel Workers: 28
 Concurrent Workers: 7
 Concurrent Refinement Workers: 28
 Periodic GC: Disabled
Heap:
 garbage-first heap   total 450560K, used 280384K [0x0000000600000000, 0x0000000800000000)
  region size 4096K, 40 young (163840K), 1 survivors (4096K)
 Metaspace       used 131999K, committed 132800K, reserved 1179648K
  class space    used 17168K, committed 17536K, reserved 1048576K
GC Heap History (20 events):
Event: 2.183 GC heap before
{Heap before GC invocations=4 (full 0):
 garbage-first heap   total 344064K, used 96982K [0x0000000600000000, 0x0000000800000000)
  region size 4096K, 4 young (16384K), 2 survivors (8192K)
 Metaspace       used 35105K, committed 35456K, reserved 1114112K
  class space    used 4766K, committed 4928K, reserved 1048576K
}
Event: 2.191 GC heap after
{Heap after GC invocations=5 (full 0):
 garbage-first heap   total 344064K, used 93908K [0x0000000600000000, 0x0000000800000000)
  region size 4096K, 1 young (4096K), 1 survivors (4096K)
 Metaspace       used 35105K, committed 35456K, reserved 1114112K
  class space    used 4766K, committed 4928K, reserved 1048576K
}
Event: 2.238 GC heap before
{Heap before GC invocations=5 (full 0):
 garbage-first heap   total 344064K, used 98004K [0x0000000600000000, 0x0000000800000000)
  region size 4096K, 3 young (12288K), 1 survivors (4096K)
 Metaspace       used 35910K, committed 36160K, reserved 1114112K
  class space    used 4878K, committed 4992K, reserved 1048576K
}
Event: 2.241 GC heap after
{Heap after GC invocations=6 (full 0):
 garbage-first heap   total 344064K, used 93833K [0x0000000600000000, 0x0000000800000000)
  region size 4096K, 1 young (4096K), 1 survivors (4096K)
 Metaspace       used 35910K, committed 36160K, reserved 1114112K
  class space    used 4878K, committed 4992K, reserved 1048576K
}
Event: 25.391 GC heap before
{Heap before GC invocations=7 (full 0):
 garbage-first heap   total 344064K, used 200329K [0x0000000600000000, 0x0000000800000000)
  region size 4096K, 29 young (118784K), 1 survivors (4096K)
 Metaspace       used 60799K, committed 61120K, reserved 1114112K
  class space    used 7914K, committed 8064K, reserved 1048576K
}
Event: 25.403 GC heap after
{Heap after GC invocations=8 (full 0):
 garbage-first heap   total 425984K, used 101071K [0x0000000600000000, 0x0000000800000000)
  region size 4096K, 3 young (12288K), 3 survivors (12288K)
 Metaspace       used 60799K, committed 61120K, reserved 1114112K
  class space    used 7914K, committed 8064K, reserved 1048576K
}
Event: 25.416 GC heap before
{Heap before GC invocations=8 (full 0):
 garbage-first heap   total 425984K, used 101071K [0x0000000600000000, 0x0000000800000000)
  region size 4096K, 4 young (16384K), 3 survivors (12288K)
 Metaspace       used 61088K, committed 61440K, reserved 1114112K
  class space    used 7946K, committed 8128K, reserved 1048576K
}
Event: 25.429 GC heap after
{Heap after GC invocations=9 (full 0):
 garbage-first heap   total 425984K, used 101405K [0x0000000600000000, 0x0000000800000000)
  region size 4096K, 1 young (4096K), 1 survivors (4096K)
 Metaspace       used 61088K, committed 61440K, reserved 1114112K
  class space    used 7946K, committed 8128K, reserved 1048576K
}
Event: 25.442 GC heap before
{Heap before GC invocations=9 (full 0):
 garbage-first heap   total 425984K, used 101405K [0x0000000600000000, 0x0000000800000000)
  region size 4096K, 2 young (8192K), 1 survivors (4096K)
 Metaspace       used 61390K, committed 61760K, reserved 1114112K
  class space    used 7986K, committed 8128K, reserved 1048576K
}
Event: 25.444 GC heap after
{Heap after GC invocations=10 (full 0):
 garbage-first heap   total 425984K, used 100617K [0x0000000600000000, 0x0000000800000000)
  region size 4096K, 1 young (4096K), 1 survivors (4096K)
 Metaspace       used 61390K, committed 61760K, reserved 1114112K
  class space    used 7986K, committed 8128K, reserved 1048576K
}
Event: 27.896 GC heap before
{Heap before GC invocations=11 (full 0):
 garbage-first heap   total 385024K, used 284937K [0x0000000600000000, 0x0000000800000000)
  region size 4096K, 47 young (192512K), 1 survivors (4096K)
 Metaspace       used 102862K, committed 103296K, reserved 1179648K
  class space    used 13356K, committed 13568K, reserved 1048576K
}
Event: 27.914 GC heap after
{Heap after GC invocations=12 (full 0):
 garbage-first heap   total 385024K, used 112020K [0x0000000600000000, 0x0000000800000000)
  region size 4096K, 3 young (12288K), 3 survivors (12288K)
 Metaspace       used 102862K, committed 103296K, reserved 1179648K
  class space    used 13356K, committed 13568K, reserved 1048576K
}
Event: 27.930 GC heap before
{Heap before GC invocations=12 (full 0):
 garbage-first heap   total 385024K, used 112020K [0x0000000600000000, 0x0000000800000000)
  region size 4096K, 4 young (16384K), 3 survivors (12288K)
 Metaspace       used 103196K, committed 103616K, reserved 1179648K
  class space    used 13370K, committed 13568K, reserved 1048576K
}
Event: 27.941 GC heap after
{Heap after GC invocations=13 (full 0):
 garbage-first heap   total 385024K, used 113110K [0x0000000600000000, 0x0000000800000000)
  region size 4096K, 1 young (4096K), 1 survivors (4096K)
 Metaspace       used 103196K, committed 103616K, reserved 1179648K
  class space    used 13370K, committed 13568K, reserved 1048576K
}
Event: 27.951 GC heap before
{Heap before GC invocations=13 (full 0):
 garbage-first heap   total 385024K, used 113110K [0x0000000600000000, 0x0000000800000000)
  region size 4096K, 2 young (8192K), 1 survivors (4096K)
 Metaspace       used 103474K, committed 103936K, reserved 1179648K
  class space    used 13392K, committed 13632K, reserved 1048576K
}
Event: 27.953 GC heap after
{Heap after GC invocations=14 (full 0):
 garbage-first heap   total 385024K, used 112230K [0x0000000600000000, 0x0000000800000000)
  region size 4096K, 1 young (4096K), 1 survivors (4096K)
 Metaspace       used 103474K, committed 103936K, reserved 1179648K
  class space    used 13392K, committed 13632K, reserved 1048576K
}
Event: 28.099 GC heap before
{Heap before GC invocations=15 (full 0):
 garbage-first heap   total 385024K, used 120422K [0x0000000600000000, 0x0000000800000000)
  region size 4096K, 4 young (16384K), 1 survivors (4096K)
 Metaspace       used 105770K, committed 106304K, reserved 1179648K
  class space    used 13756K, committed 14016K, reserved 1048576K
}
Event: 28.107 GC heap after
{Heap after GC invocations=16 (full 0):
 garbage-first heap   total 1044480K, used 112363K [0x0000000600000000, 0x0000000800000000)
  region size 4096K, 1 young (4096K), 1 survivors (4096K)
 Metaspace       used 105770K, committed 106304K, reserved 1179648K
  class space    used 13756K, committed 14016K, reserved 1048576K
}
Event: 28.157 GC heap before
{Heap before GC invocations=16 (full 0):
 garbage-first heap   total 1044480K, used 128747K [0x0000000600000000, 0x0000000800000000)
  region size 4096K, 4 young (16384K), 1 survivors (4096K)
 Metaspace       used 106513K, committed 107072K, reserved 1179648K
  class space    used 13868K, committed 14144K, reserved 1048576K
}
Event: 28.161 GC heap after
{Heap after GC invocations=17 (full 0):
 garbage-first heap   total 1044480K, used 112448K [0x0000000600000000, 0x0000000800000000)
  region size 4096K, 1 young (4096K), 1 survivors (4096K)
 Metaspace       used 106513K, committed 107072K, reserved 1179648K
  class space    used 13868K, committed 14144K, reserved 1048576K
}

