# JRE version: OpenJDK Runtime Environment (17.0.14+7) (build 17.0.14+7-Debian-1deb11u1)
# Java VM: OpenJDK 64-Bit Server VM (17.0.14+7-Debian-1deb11u1, mixed mode, sharing, tiered, compressed oops, compressed class ptrs, g1 gc, linux-amd64)
GC Precious Log:
 CPUs: 40 total, 40 available
 Memory: 64037M
 Large Page Support: Disabled
 NUMA Support: Disabled
 Compressed Oops: Enabled (Zero based)
 Heap Region Size: 4M
 Heap Min Capacity: 8M
 Heap Initial Capacity: 1004M
 Heap Max Capacity: 8G
 Pre-touch: Disabled
 Parallel Workers: 28
 Concurrent Workers: 7
 Concurrent Refinement Workers: 28
 Periodic GC: Disabled
Heap:
 garbage-first heap   total 385024K, used 189388K [0x0000000600000000, 0x0000000800000000)
  region size 4096K, 14 young (57344K), 3 survivors (12288K)
 Metaspace       used 145125K, committed 145984K, reserved 1179648K
  class space    used 19202K, committed 19648K, reserved 1048576K
GC Heap History (20 events):
Event: 0.813 GC heap before
{Heap before GC invocations=0 (full 0):
 garbage-first heap   total 1036288K, used 114608K [0x0000000600000000, 0x0000000800000000)
  region size 4096K, 12 young (49152K), 0 survivors (0K)
 Metaspace       used 11246K, committed 11392K, reserved 1114112K
  class space    used 1684K, committed 1792K, reserved 1048576K
}
Event: 0.818 GC heap after
{Heap after GC invocations=1 (full 0):
 garbage-first heap   total 1036288K, used 85887K [0x0000000600000000, 0x0000000800000000)
  region size 4096K, 2 young (8192K), 2 survivors (8192K)
 Metaspace       used 11246K, committed 11392K, reserved 1114112K
  class space    used 1684K, committed 1792K, reserved 1048576K
}
Event: 1.484 GC heap before
{Heap before GC invocations=1 (full 0):
 garbage-first heap   total 1036288K, used 118655K [0x0000000600000000, 0x0000000800000000)
  region size 4096K, 11 young (45056K), 2 survivors (8192K)
 Metaspace       used 21280K, committed 21504K, reserved 1114112K
  class space    used 2922K, committed 3072K, reserved 1048576K
}
Event: 1.490 GC heap after
{Heap after GC invocations=2 (full 0):
 garbage-first heap   total 1036288K, used 88405K [0x0000000600000000, 0x0000000800000000)
  region size 4096K, 1 young (4096K), 1 survivors (4096K)
 Metaspace       used 21280K, committed 21504K, reserved 1114112K
  class space    used 2922K, committed 3072K, reserved 1048576K
}
Event: 2.097 GC heap before
{Heap before GC invocations=3 (full 0):
 garbage-first heap   total 344064K, used 141653K [0x0000000600000000, 0x0000000800000000)
  region size 4096K, 14 young (57344K), 1 survivors (4096K)
 Metaspace       used 33108K, committed 33472K, reserved 1114112K
  class space    used 4518K, committed 4672K, reserved 1048576K
}
Event: 2.105 GC heap after
{Heap after GC invocations=4 (full 0):
 garbage-first heap   total 344064K, used 92444K [0x0000000600000000, 0x0000000800000000)
  region size 4096K, 2 young (8192K), 2 survivors (8192K)
 Metaspace       used 33108K, committed 33472K, reserved 1114112K
  class space    used 4518K, committed 4672K, reserved 1048576K
}
Event: 2.241 GC heap before
{Heap before GC invocations=4 (full 0):
 garbage-first heap   total 344064K, used 96540K [0x0000000600000000, 0x0000000800000000)
  region size 4096K, 4 young (16384K), 2 survivors (8192K)
 Metaspace       used 35111K, committed 35456K, reserved 1114112K
  class space    used 4766K, committed 4928K, reserved 1048576K
}
Event: 2.249 GC heap after
{Heap after GC invocations=5 (full 0):
 garbage-first heap   total 344064K, used 93646K [0x0000000600000000, 0x0000000800000000)
  region size 4096K, 1 young (4096K), 1 survivors (4096K)
 Metaspace       used 35111K, committed 35456K, reserved 1114112K
  class space    used 4766K, committed 4928K, reserved 1048576K
}
Event: 2.297 GC heap before
{Heap before GC invocations=5 (full 0):
 garbage-first heap   total 344064K, used 97742K [0x0000000600000000, 0x0000000800000000)
  region size 4096K, 3 young (12288K), 1 survivors (4096K)
 Metaspace       used 35915K, committed 36160K, reserved 1114112K
  class space    used 4877K, committed 4992K, reserved 1048576K
}
Event: 2.300 GC heap after
{Heap after GC invocations=6 (full 0):
 garbage-first heap   total 344064K, used 93437K [0x0000000600000000, 0x0000000800000000)
  region size 4096K, 1 young (4096K), 1 survivors (4096K)
 Metaspace       used 35915K, committed 36160K, reserved 1114112K
  class space    used 4877K, committed 4992K, reserved 1048576K
}
Event: 24.615 GC heap before
{Heap before GC invocations=7 (full 0):
 garbage-first heap   total 344064K, used 199933K [0x0000000600000000, 0x0000000800000000)
  region size 4096K, 29 young (118784K), 1 survivors (4096K)
 Metaspace       used 60888K, committed 61248K, reserved 1114112K
  class space    used 7922K, committed 8064K, reserved 1048576K
}
Event: 24.626 GC heap after
{Heap after GC invocations=8 (full 0):
 garbage-first heap   total 471040K, used 100658K [0x0000000600000000, 0x0000000800000000)
  region size 4096K, 3 young (12288K), 3 survivors (12288K)
 Metaspace       used 60888K, committed 61248K, reserved 1114112K
  class space    used 7922K, committed 8064K, reserved 1048576K
}
Event: 27.095 GC heap before
{Heap before GC invocations=9 (full 0):
 garbage-first heap   total 385024K, used 280882K [0x0000000600000000, 0x0000000800000000)
  region size 4096K, 48 young (196608K), 3 survivors (12288K)
 Metaspace       used 102216K, committed 102656K, reserved 1179648K
  class space    used 13293K, committed 13504K, reserved 1048576K
}
Event: 27.116 GC heap after
{Heap after GC invocations=10 (full 0):
 garbage-first heap   total 385024K, used 112459K [0x0000000600000000, 0x0000000800000000)
  region size 4096K, 5 young (20480K), 5 survivors (20480K)
 Metaspace       used 102216K, committed 102656K, reserved 1179648K
  class space    used 13293K, committed 13504K, reserved 1048576K
}
Event: 27.132 GC heap before
{Heap before GC invocations=10 (full 0):
 garbage-first heap   total 385024K, used 112459K [0x0000000600000000, 0x0000000800000000)
  region size 4096K, 6 young (24576K), 5 survivors (20480K)
 Metaspace       used 102527K, committed 102976K, reserved 1179648K
  class space    used 13348K, committed 13568K, reserved 1048576K
}
Event: 27.156 GC heap after
{Heap after GC invocations=11 (full 0):
 garbage-first heap   total 385024K, used 115105K [0x0000000600000000, 0x0000000800000000)
  region size 4096K, 1 young (4096K), 1 survivors (4096K)
 Metaspace       used 102527K, committed 102976K, reserved 1179648K
  class space    used 13348K, committed 13568K, reserved 1048576K
}
Event: 27.180 GC heap before
{Heap before GC invocations=11 (full 0):
 garbage-first heap   total 385024K, used 115105K [0x0000000600000000, 0x0000000800000000)
  region size 4096K, 2 young (8192K), 1 survivors (4096K)
 Metaspace       used 102845K, committed 103296K, reserved 1179648K
  class space    used 13409K, committed 13632K, reserved 1048576K
}
Event: 27.184 GC heap after
{Heap after GC invocations=12 (full 0):
 garbage-first heap   total 385024K, used 112716K [0x0000000600000000, 0x0000000800000000)
  region size 4096K, 1 young (4096K), 1 survivors (4096K)
 Metaspace       used 102845K, committed 103296K, reserved 1179648K
  class space    used 13409K, committed 13632K, reserved 1048576K
}
Event: 29.570 GC heap before
{Heap before GC invocations=13 (full 0):
 garbage-first heap   total 385024K, used 313420K [0x0000000600000000, 0x0000000800000000)
  region size 4096K, 45 young (184320K), 1 survivors (4096K)
 Metaspace       used 141507K, committed 142336K, reserved 1179648K
  class space    used 18588K, committed 19008K, reserved 1048576K
}
Event: 29.584 GC heap after
{Heap after GC invocations=14 (full 0):
 garbage-first heap   total 385024K, used 123852K [0x0000000600000000, 0x0000000800000000)
  region size 4096K, 3 young (12288K), 3 survivors (12288K)
 Metaspace       used 141507K, committed 142336K, reserved 1179648K
  class space    used 18588K, committed 19008K, reserved 1048576K
}

